[01m[K/home/ian/Documents/ARUS/proyect_academy/src/my_simulator/src/CommandPublisher.cpp:1:10:[m[K [01;31m[Kfatal error: [m[Krclcpp.hpp: No such file or directory
    1 | #include [01;31m[K"rclcpp.hpp"[m[K
      |          [01;31m[K^~~~~~~~~~~~[m[K
compilation terminated.
gmake[2]: *** [CMakeFiles/CommandPublisher.dir/build.make:76: CMakeFiles/CommandPublisher.dir/src/CommandPublisher.cpp.o] Error 1
gmake[1]: *** [CMakeFiles/Makefile2:165: CMakeFiles/CommandPublisher.dir/all] Error 2
gmake[1]: *** Waiting for unfinished jobs....
gmake: *** [Makefile:146: all] Error 2
