[01m[K/home/ian/Documents/ARUS/proyect_academy/src/my_simulator/src/my_simulator.cpp:[m[K In member function â€˜[01m[Kvoid MySimulator::updateState()[m[Kâ€™:
[01m[K/home/ian/Documents/ARUS/proyect_academy/src/my_simulator/src/my_simulator.cpp:33:70:[m[K [01;31m[Kerror: [m[Kexpected â€˜[01m[K;[m[Kâ€™ before â€˜[01m[Krclcpp[m[Kâ€™
   33 |       std::bind(&MySimulator::callback, this, std::placeholders::_1))
      |                                                                      [01;31m[K^[m[K
      |                                                                      [32m[K;[m[K
......
   36 |     [32m[Krclcpp[m[K::Time now = this->now();
      |     [32m[K~~~~~~[m[K                                                            
[01m[K/home/ian/Documents/ARUS/proyect_academy/src/my_simulator/src/my_simulator.cpp:37:17:[m[K [01;31m[Kerror: [m[Kinvalid use of member function â€˜[01m[Krclcpp::Time rclcpp::Node::now() const[m[Kâ€™ (did you forget the â€˜[01m[K()[m[Kâ€™ ?)
   37 |     double dt = [01;31m[Know[m[K.seconds() - last_time_.seconds();
      |                 [01;31m[K^~~[m[K
      |                    [32m[K()[m[K
[01m[K/home/ian/Documents/ARUS/proyect_academy/src/my_simulator/src/my_simulator.cpp:40:8:[m[K [01;31m[Kerror: [m[Kinvalid use of member function â€˜[01m[Krclcpp::Time rclcpp::Node::now() const[m[Kâ€™ (did you forget the â€˜[01m[K()[m[Kâ€™ ?)
   40 |     if([01;31m[Know[m[K.seconds() -last_time_.seconds() > 60.0){
      |        [01;31m[K^~~[m[K
      |           [32m[K()[m[K
[01m[K/home/ian/Documents/ARUS/proyect_academy/src/my_simulator/src/my_simulator.cpp:40:12:[m[K [01;31m[Kerror: [m[Kexpected â€˜[01m[K)[m[Kâ€™ before â€˜[01m[Kseconds[m[Kâ€™
   40 |     if[34m[K([m[Know.[01;31m[Ks[m[K[32m[Keconds[m[K() -last_time_.seconds() > 60.0){
      |       [34m[K~[m[K    [01;31m[K^[m[K[32m[K~~~~~~[m[K
      |            [32m[K)[m[K
gmake[2]: *** [CMakeFiles/my_simulator.dir/build.make:90: CMakeFiles/my_simulator.dir/src/my_simulator.cpp.o] Error 1
gmake[1]: *** [CMakeFiles/Makefile2:137: CMakeFiles/my_simulator.dir/all] Error 2
gmake: *** [Makefile:146: all] Error 2
