-- Found ament_cmake: 1.3.12 (/opt/ros/humble/share/ament_cmake/cmake)
-- Found rclcpp: 16.0.15 (/opt/ros/humble/share/rclcpp/cmake)
-- Found rosidl_generator_c: 3.1.7 (/opt/ros/humble/share/rosidl_generator_c/cmake)
-- Found rosidl_adapter: 3.1.7 (/opt/ros/humble/share/rosidl_adapter/cmake)
-- Found rosidl_generator_cpp: 3.1.7 (/opt/ros/humble/share/rosidl_generator_cpp/cmake)
-- Using all available rosidl_typesupport_c: rosidl_typesupport_fastrtps_c;rosidl_typesupport_introspection_c
-- Using all available rosidl_typesupport_cpp: rosidl_typesupport_fastrtps_cpp;rosidl_typesupport_introspection_cpp
-- Found rmw_implementation_cmake: 6.1.2 (/opt/ros/humble/share/rmw_implementation_cmake/cmake)
-- Found rmw_fastrtps_cpp: 6.2.8 (/opt/ros/humble/share/rmw_fastrtps_cpp/cmake)
-- Using RMW implementation 'rmw_fastrtps_cpp' as default
-- Found my_simulator_interfaces: 0.0.0 (/home/ian/Documents/ARUS/proyect_academy/install/my_simulator_interfaces/share/my_simulator_interfaces/cmake)
-- Found ament_lint_auto: 0.12.14 (/opt/ros/humble/share/ament_lint_auto/cmake)
-- Added test 'cppcheck' to perform static code analysis on C / C++ code
-- Configured cppcheck include dirs: /home/ian/Documents/ARUS/proyect_academy/src/my_simulator/include
-- Configured cppcheck exclude dirs and/or files: 
-- Added test 'flake8' to check Python code syntax and style conventions
-- Added test 'lint_cmake' to check CMake code style
-- Added test 'pep257' to check Python code against some of the docstring style conventions in PEP 257
-- Added test 'uncrustify' to check C / C++ code style
-- Configured uncrustify additional arguments: 
-- Added test 'xmllint' to check XML markup files
-- Configuring done
-- Generating done
-- Build files have been written to: /home/ian/Documents/ARUS/proyect_academy/build/my_simulator
[ 66%] [32mBuilding CXX object CMakeFiles/my_simulator.dir/src/main.cpp.o[0m
[ 66%] [32mBuilding CXX object CMakeFiles/my_simulator.dir/src/my_simulator.cpp.o[0m
[01m[K/home/ian/Documents/ARUS/proyect_academy/src/my_simulator/src/my_simulator.cpp:[m[K In member function â€˜[01m[Kvoid MySimulator::updateState()[m[Kâ€™:
[01m[K/home/ian/Documents/ARUS/proyect_academy/src/my_simulator/src/my_simulator.cpp:33:70:[m[K [01;31m[Kerror: [m[Kexpected â€˜[01m[K;[m[Kâ€™ before â€˜[01m[Krclcpp[m[Kâ€™
   33 |       std::bind(&MySimulator::callback, this, std::placeholders::_1))
      |                                                                      [01;31m[K^[m[K
      |                                                                      [32m[K;[m[K
......
   36 |     [32m[Krclcpp[m[K::Time now = this->now();
      |     [32m[K~~~~~~[m[K                                                            
[01m[K/home/ian/Documents/ARUS/proyect_academy/src/my_simulator/src/my_simulator.cpp:37:17:[m[K [01;31m[Kerror: [m[Kinvalid use of member function â€˜[01m[Krclcpp::Time rclcpp::Node::now() const[m[Kâ€™ (did you forget the â€˜[01m[K()[m[Kâ€™ ?)
   37 |     double dt = [01;31m[Know[m[K.seconds() - last_time_.seconds();
      |                 [01;31m[K^~~[m[K
      |                    [32m[K()[m[K
[01m[K/home/ian/Documents/ARUS/proyect_academy/src/my_simulator/src/my_simulator.cpp:40:8:[m[K [01;31m[Kerror: [m[Kinvalid use of member function â€˜[01m[Krclcpp::Time rclcpp::Node::now() const[m[Kâ€™ (did you forget the â€˜[01m[K()[m[Kâ€™ ?)
   40 |     if([01;31m[Know[m[K.seconds() -last_time_.seconds() > 60.0){
      |        [01;31m[K^~~[m[K
      |           [32m[K()[m[K
[01m[K/home/ian/Documents/ARUS/proyect_academy/src/my_simulator/src/my_simulator.cpp:40:12:[m[K [01;31m[Kerror: [m[Kexpected â€˜[01m[K)[m[Kâ€™ before â€˜[01m[Kseconds[m[Kâ€™
   40 |     if[34m[K([m[Know.[01;31m[Ks[m[K[32m[Keconds[m[K() -last_time_.seconds() > 60.0){
      |       [34m[K~[m[K    [01;31m[K^[m[K[32m[K~~~~~~[m[K
      |            [32m[K)[m[K
gmake[2]: *** [CMakeFiles/my_simulator.dir/build.make:90: CMakeFiles/my_simulator.dir/src/my_simulator.cpp.o] Error 1
gmake[1]: *** [CMakeFiles/Makefile2:137: CMakeFiles/my_simulator.dir/all] Error 2
gmake: *** [Makefile:146: all] Error 2
