[0.007s] Invoking command in '/home/ian/Documents/ARUS/proyect_academy/build/my_simulator': AMENT_PREFIX_PATH=/home/ian/Documents/ARUS/proyect_academy/install/my_simulator_interfaces:${AMENT_PREFIX_PATH} CMAKE_PREFIX_PATH=/home/ian/Documents/ARUS/proyect_academy/install/my_simulator_interfaces:/opt/ros/humble LD_LIBRARY_PATH=/home/ian/Documents/ARUS/proyect_academy/install/my_simulator_interfaces/lib:${LD_LIBRARY_PATH} PYTHONPATH=/home/ian/Documents/ARUS/proyect_academy/install/my_simulator_interfaces/local/lib/python3.10/dist-packages:${PYTHONPATH} /usr/bin/cmake --build /home/ian/Documents/ARUS/proyect_academy/build/my_simulator -- -j4 -l4
[0.047s] -- Found ament_cmake: 1.3.12 (/opt/ros/humble/share/ament_cmake/cmake)
[0.159s] -- Found rclcpp: 16.0.15 (/opt/ros/humble/share/rclcpp/cmake)
[0.198s] -- Found rosidl_generator_c: 3.1.7 (/opt/ros/humble/share/rosidl_generator_c/cmake)
[0.201s] -- Found rosidl_adapter: 3.1.7 (/opt/ros/humble/share/rosidl_adapter/cmake)
[0.209s] -- Found rosidl_generator_cpp: 3.1.7 (/opt/ros/humble/share/rosidl_generator_cpp/cmake)
[0.220s] -- Using all available rosidl_typesupport_c: rosidl_typesupport_fastrtps_c;rosidl_typesupport_introspection_c
[0.235s] -- Using all available rosidl_typesupport_cpp: rosidl_typesupport_fastrtps_cpp;rosidl_typesupport_introspection_cpp
[0.275s] -- Found rmw_implementation_cmake: 6.1.2 (/opt/ros/humble/share/rmw_implementation_cmake/cmake)
[0.280s] -- Found rmw_fastrtps_cpp: 6.2.8 (/opt/ros/humble/share/rmw_fastrtps_cpp/cmake)
[0.353s] -- Using RMW implementation 'rmw_fastrtps_cpp' as default
[0.405s] -- Found my_simulator_interfaces: 0.0.0 (/home/ian/Documents/ARUS/proyect_academy/install/my_simulator_interfaces/share/my_simulator_interfaces/cmake)
[0.413s] -- Found ament_lint_auto: 0.12.14 (/opt/ros/humble/share/ament_lint_auto/cmake)
[0.463s] -- Added test 'cppcheck' to perform static code analysis on C / C++ code
[0.464s] -- Configured cppcheck include dirs: /home/ian/Documents/ARUS/proyect_academy/src/my_simulator/include
[0.464s] -- Configured cppcheck exclude dirs and/or files: 
[0.464s] -- Added test 'flake8' to check Python code syntax and style conventions
[0.464s] -- Added test 'lint_cmake' to check CMake code style
[0.465s] -- Added test 'pep257' to check Python code against some of the docstring style conventions in PEP 257
[0.466s] -- Added test 'uncrustify' to check C / C++ code style
[0.466s] -- Configured uncrustify additional arguments: 
[0.466s] -- Added test 'xmllint' to check XML markup files
[0.467s] -- Configuring done
[0.478s] -- Generating done
[0.481s] -- Build files have been written to: /home/ian/Documents/ARUS/proyect_academy/build/my_simulator
[0.509s] [ 66%] [32mBuilding CXX object CMakeFiles/my_simulator.dir/src/main.cpp.o[0m
[0.509s] [ 66%] [32mBuilding CXX object CMakeFiles/my_simulator.dir/src/my_simulator.cpp.o[0m
[2.043s] [01m[K/home/ian/Documents/ARUS/proyect_academy/src/my_simulator/src/my_simulator.cpp:[m[K In member function â€˜[01m[Kvoid MySimulator::updateState()[m[Kâ€™:
[2.043s] [01m[K/home/ian/Documents/ARUS/proyect_academy/src/my_simulator/src/my_simulator.cpp:33:70:[m[K [01;31m[Kerror: [m[Kexpected â€˜[01m[K;[m[Kâ€™ before â€˜[01m[Krclcpp[m[Kâ€™
[2.043s]    33 |       std::bind(&MySimulator::callback, this, std::placeholders::_1))
[2.043s]       |                                                                      [01;31m[K^[m[K
[2.043s]       |                                                                      [32m[K;[m[K
[2.043s] ......
[2.043s]    36 |     [32m[Krclcpp[m[K::Time now = this->now();
[2.043s]       |     [32m[K~~~~~~[m[K                                                            
[2.043s] [01m[K/home/ian/Documents/ARUS/proyect_academy/src/my_simulator/src/my_simulator.cpp:37:17:[m[K [01;31m[Kerror: [m[Kinvalid use of member function â€˜[01m[Krclcpp::Time rclcpp::Node::now() const[m[Kâ€™ (did you forget the â€˜[01m[K()[m[Kâ€™ ?)
[2.043s]    37 |     double dt = [01;31m[Know[m[K.seconds() - last_time_.seconds();
[2.043s]       |                 [01;31m[K^~~[m[K
[2.043s]       |                    [32m[K()[m[K
[2.043s] [01m[K/home/ian/Documents/ARUS/proyect_academy/src/my_simulator/src/my_simulator.cpp:40:8:[m[K [01;31m[Kerror: [m[Kinvalid use of member function â€˜[01m[Krclcpp::Time rclcpp::Node::now() const[m[Kâ€™ (did you forget the â€˜[01m[K()[m[Kâ€™ ?)
[2.043s]    40 |     if([01;31m[Know[m[K.seconds() -last_time_.seconds() > 60.0){
[2.043s]       |        [01;31m[K^~~[m[K
[2.043s]       |           [32m[K()[m[K
[2.043s] [01m[K/home/ian/Documents/ARUS/proyect_academy/src/my_simulator/src/my_simulator.cpp:40:12:[m[K [01;31m[Kerror: [m[Kexpected â€˜[01m[K)[m[Kâ€™ before â€˜[01m[Kseconds[m[Kâ€™
[2.043s]    40 |     if[34m[K([m[Know.[01;31m[Ks[m[K[32m[Keconds[m[K() -last_time_.seconds() > 60.0){
[2.043s]       |       [34m[K~[m[K    [01;31m[K^[m[K[32m[K~~~~~~[m[K
[2.043s]       |            [32m[K)[m[K
[3.535s] gmake[2]: *** [CMakeFiles/my_simulator.dir/build.make:90: CMakeFiles/my_simulator.dir/src/my_simulator.cpp.o] Error 1
[3.535s] gmake[1]: *** [CMakeFiles/Makefile2:137: CMakeFiles/my_simulator.dir/all] Error 2
[3.535s] gmake: *** [Makefile:146: all] Error 2
[3.536s] Invoked command in '/home/ian/Documents/ARUS/proyect_academy/build/my_simulator' returned '2': AMENT_PREFIX_PATH=/home/ian/Documents/ARUS/proyect_academy/install/my_simulator_interfaces:${AMENT_PREFIX_PATH} CMAKE_PREFIX_PATH=/home/ian/Documents/ARUS/proyect_academy/install/my_simulator_interfaces:/opt/ros/humble LD_LIBRARY_PATH=/home/ian/Documents/ARUS/proyect_academy/install/my_simulator_interfaces/lib:${LD_LIBRARY_PATH} PYTHONPATH=/home/ian/Documents/ARUS/proyect_academy/install/my_simulator_interfaces/local/lib/python3.10/dist-packages:${PYTHONPATH} /usr/bin/cmake --build /home/ian/Documents/ARUS/proyect_academy/build/my_simulator -- -j4 -l4
