[0.011s] Invoking command in '/home/ian/Documents/ARUS/proyect_academy/build/my_simulator': CMAKE_PREFIX_PATH=/opt/ros/humble /usr/bin/cmake --build /home/ian/Documents/ARUS/proyect_academy/build/my_simulator -- -j4 -l4
[0.033s] -- Found ament_cmake: 1.3.12 (/opt/ros/humble/share/ament_cmake/cmake)
[0.112s] -- Found rclcpp: 16.0.15 (/opt/ros/humble/share/rclcpp/cmake)
[0.133s] -- Found rosidl_generator_c: 3.1.7 (/opt/ros/humble/share/rosidl_generator_c/cmake)
[0.133s] -- Found rosidl_adapter: 3.1.7 (/opt/ros/humble/share/rosidl_adapter/cmake)
[0.134s] -- Found rosidl_generator_cpp: 3.1.7 (/opt/ros/humble/share/rosidl_generator_cpp/cmake)
[0.148s] -- Using all available rosidl_typesupport_c: rosidl_typesupport_fastrtps_c;rosidl_typesupport_introspection_c
[0.152s] -- Using all available rosidl_typesupport_cpp: rosidl_typesupport_fastrtps_cpp;rosidl_typesupport_introspection_cpp
[0.171s] -- Found rmw_implementation_cmake: 6.1.2 (/opt/ros/humble/share/rmw_implementation_cmake/cmake)
[0.172s] -- Found rmw_fastrtps_cpp: 6.2.8 (/opt/ros/humble/share/rmw_fastrtps_cpp/cmake)
[0.231s] -- Using RMW implementation 'rmw_fastrtps_cpp' as default
[0.261s] -- Found ament_lint_auto: 0.12.14 (/opt/ros/humble/share/ament_lint_auto/cmake)
[0.305s] -- Added test 'cppcheck' to perform static code analysis on C / C++ code
[0.306s] -- Configured cppcheck include dirs: /home/ian/Documents/ARUS/proyect_academy/src/my_simulator/include
[0.306s] -- Configured cppcheck exclude dirs and/or files: 
[0.306s] -- Added test 'lint_cmake' to check CMake code style
[0.306s] -- Added test 'uncrustify' to check C / C++ code style
[0.306s] -- Configured uncrustify additional arguments: 
[0.307s] -- Added test 'xmllint' to check XML markup files
[0.308s] -- Configuring done
[0.315s] -- Generating done
[0.318s] -- Build files have been written to: /home/ian/Documents/ARUS/proyect_academy/build/my_simulator
[0.336s] [35m[1mConsolidate compiler generated dependencies of target my_simulator[0m
[0.344s] [ 33%] [32mBuilding CXX object CMakeFiles/my_simulator.dir/src/main.cpp.o[0m
[0.344s] [ 66%] [32mBuilding CXX object CMakeFiles/my_simulator.dir/src/my_simulator.cpp.o[0m
[0.350s] [01m[K/home/ian/Documents/ARUS/proyect_academy/src/my_simulator/src/my_simulator.cpp:1:10:[m[K [01;31m[Kfatal error: [m[Kinclude/my_simulator.hpp: No such file or directory
[0.350s]     1 | #include [01;31m[K"include/my_simulator.hpp"[m[K
[0.350s]       |          [01;31m[K^~~~~~~~~~~~~~~~~~~~~~~~~~[m[K
[0.350s] compilation terminated.
[0.351s] gmake[2]: *** [CMakeFiles/my_simulator.dir/build.make:90: CMakeFiles/my_simulator.dir/src/my_simulator.cpp.o] Error 1
[0.351s] gmake[2]: *** Waiting for unfinished jobs....
[0.461s] [01m[K/home/ian/Documents/ARUS/proyect_academy/src/my_simulator/src/main.cpp:2:10:[m[K [01;31m[Kfatal error: [m[Kinclude/my_simulator.hpp: No such file or directory
[0.461s]     2 | #include [01;31m[K"include/my_simulator.hpp"[m[K
[0.462s]       |          [01;31m[K^~~~~~~~~~~~~~~~~~~~~~~~~~[m[K
[0.462s] compilation terminated.
[0.465s] gmake[2]: *** [CMakeFiles/my_simulator.dir/build.make:76: CMakeFiles/my_simulator.dir/src/main.cpp.o] Error 1
[0.465s] gmake[1]: *** [CMakeFiles/Makefile2:137: CMakeFiles/my_simulator.dir/all] Error 2
[0.465s] gmake: *** [Makefile:146: all] Error 2
[0.466s] Invoked command in '/home/ian/Documents/ARUS/proyect_academy/build/my_simulator' returned '2': CMAKE_PREFIX_PATH=/opt/ros/humble /usr/bin/cmake --build /home/ian/Documents/ARUS/proyect_academy/build/my_simulator -- -j4 -l4
