[0.000000] (-) TimerEvent: {}
[0.000277] (my_simulator_interfaces) JobQueued: {'identifier': 'my_simulator_interfaces', 'dependencies': OrderedDict()}
[0.000299] (my_simulator) JobQueued: {'identifier': 'my_simulator', 'dependencies': OrderedDict([('my_simulator_interfaces', '/home/ian/Documents/ARUS/proyect_academy/install/my_simulator_interfaces')])}
[0.000316] (my_simulator_interfaces) JobStarted: {'identifier': 'my_simulator_interfaces'}
[0.004462] (my_simulator_interfaces) JobProgress: {'identifier': 'my_simulator_interfaces', 'progress': 'cmake'}
[0.004838] (my_simulator_interfaces) JobProgress: {'identifier': 'my_simulator_interfaces', 'progress': 'build'}
[0.005315] (my_simulator_interfaces) Command: {'cmd': ['/usr/bin/cmake', '--build', '/home/ian/Documents/ARUS/proyect_academy/build/my_simulator_interfaces', '--', '-j4', '-l4'], 'cwd': '/home/ian/Documents/ARUS/proyect_academy/build/my_simulator_interfaces', 'env': OrderedDict([('LESSOPEN', '| /usr/bin/lesspipe %s'), ('LANGUAGE', 'en_GB:en'), ('USER', 'ian'), ('LC_TIME', 'fr_FR.UTF-8'), ('XDG_SESSION_TYPE', 'wayland'), ('SHLVL', '1'), ('LD_LIBRARY_PATH', '/opt/ros/humble/opt/zenoh_cpp_vendor/lib:/opt/ros/humble/opt/rviz_ogre_vendor/lib:/opt/ros/humble/lib/x86_64-linux-gnu:/opt/ros/humble/lib'), ('HOME', '/home/ian'), ('OLDPWD', '/home/ian'), ('DESKTOP_SESSION', 'ubuntu'), ('ROS_PYTHON_VERSION', '3'), ('GNOME_SHELL_SESSION_MODE', 'ubuntu'), ('GTK_MODULES', 'gail:atk-bridge'), ('LC_MONETARY', 'fr_FR.UTF-8'), ('SYSTEMD_EXEC_PID', '1919'), ('DBUS_SESSION_BUS_ADDRESS', 'unix:path=/run/user/1000/bus'), ('COLORTERM', 'truecolor'), ('IM_CONFIG_PHASE', '1'), ('WAYLAND_DISPLAY', 'wayland-0'), ('ROS_DISTRO', 'humble'), ('LOGNAME', 'ian'), ('_', '/usr/bin/colcon'), ('ROS_VERSION', '2'), ('XDG_SESSION_CLASS', 'user'), ('USERNAME', 'ian'), ('TERM', 'xterm-256color'), ('GNOME_DESKTOP_SESSION_ID', 'this-is-deprecated'), ('ROS_LOCALHOST_ONLY', '0'), ('PATH', '/opt/ros/humble/bin:/usr/local/sbin:/usr/local/bin:/usr/sbin:/usr/bin:/sbin:/bin:/usr/games:/usr/local/games:/snap/bin:/snap/bin'), ('SESSION_MANAGER', 'local/Ubuntu-22:@/tmp/.ICE-unix/1728,unix/Ubuntu-22:/tmp/.ICE-unix/1728'), ('PAPERSIZE', 'a4'), ('XDG_MENU_PREFIX', 'gnome-'), ('LC_ADDRESS', 'fr_FR.UTF-8'), ('GNOME_TERMINAL_SCREEN', '/org/gnome/Terminal/screen/22d0015f_1957_48f4_af21_891401cad5da'), ('GNOME_SETUP_DISPLAY', ':1'), ('XDG_RUNTIME_DIR', '/run/user/1000'), ('DISPLAY', ':0'), ('LANG', 'en_GB.UTF-8'), ('XDG_CURRENT_DESKTOP', 'ubuntu:GNOME'), ('LC_TELEPHONE', 'fr_FR.UTF-8'), ('XMODIFIERS', '@im=ibus'), ('XDG_SESSION_DESKTOP', 'ubuntu'), ('XAUTHORITY', '/run/user/1000/.mutter-Xwaylandauth.H8BWE3'), ('LS_COLORS', 'rs=0:di=01;34:ln=01;36:mh=00:pi=40;33:so=01;35:do=01;35:bd=40;33;01:cd=40;33;01:or=40;31;01:mi=00:su=37;41:sg=30;43:ca=30;41:tw=30;42:ow=34;42:st=37;44:ex=01;32:*.tar=01;31:*.tgz=01;31:*.arc=01;31:*.arj=01;31:*.taz=01;31:*.lha=01;31:*.lz4=01;31:*.lzh=01;31:*.lzma=01;31:*.tlz=01;31:*.txz=01;31:*.tzo=01;31:*.t7z=01;31:*.zip=01;31:*.z=01;31:*.dz=01;31:*.gz=01;31:*.lrz=01;31:*.lz=01;31:*.lzo=01;31:*.xz=01;31:*.zst=01;31:*.tzst=01;31:*.bz2=01;31:*.bz=01;31:*.tbz=01;31:*.tbz2=01;31:*.tz=01;31:*.deb=01;31:*.rpm=01;31:*.jar=01;31:*.war=01;31:*.ear=01;31:*.sar=01;31:*.rar=01;31:*.alz=01;31:*.ace=01;31:*.zoo=01;31:*.cpio=01;31:*.7z=01;31:*.rz=01;31:*.cab=01;31:*.wim=01;31:*.swm=01;31:*.dwm=01;31:*.esd=01;31:*.jpg=01;35:*.jpeg=01;35:*.mjpg=01;35:*.mjpeg=01;35:*.gif=01;35:*.bmp=01;35:*.pbm=01;35:*.pgm=01;35:*.ppm=01;35:*.tga=01;35:*.xbm=01;35:*.xpm=01;35:*.tif=01;35:*.tiff=01;35:*.png=01;35:*.svg=01;35:*.svgz=01;35:*.mng=01;35:*.pcx=01;35:*.mov=01;35:*.mpg=01;35:*.mpeg=01;35:*.m2v=01;35:*.mkv=01;35:*.webm=01;35:*.webp=01;35:*.ogm=01;35:*.mp4=01;35:*.m4v=01;35:*.mp4v=01;35:*.vob=01;35:*.qt=01;35:*.nuv=01;35:*.wmv=01;35:*.asf=01;35:*.rm=01;35:*.rmvb=01;35:*.flc=01;35:*.avi=01;35:*.fli=01;35:*.flv=01;35:*.gl=01;35:*.dl=01;35:*.xcf=01;35:*.xwd=01;35:*.yuv=01;35:*.cgm=01;35:*.emf=01;35:*.ogv=01;35:*.ogx=01;35:*.aac=00;36:*.au=00;36:*.flac=00;36:*.m4a=00;36:*.mid=00;36:*.midi=00;36:*.mka=00;36:*.mp3=00;36:*.mpc=00;36:*.ogg=00;36:*.ra=00;36:*.wav=00;36:*.oga=00;36:*.opus=00;36:*.spx=00;36:*.xspf=00;36:'), ('GNOME_TERMINAL_SERVICE', ':1.145'), ('SSH_AGENT_LAUNCHER', 'gnome-keyring'), ('SSH_AUTH_SOCK', '/run/user/1000/keyring/ssh'), ('AMENT_PREFIX_PATH', '/opt/ros/humble'), ('SHELL', '/bin/bash'), ('LC_NAME', 'fr_FR.UTF-8'), ('QT_ACCESSIBILITY', '1'), ('GDMSESSION', 'ubuntu'), ('LESSCLOSE', '/usr/bin/lesspipe %s %s'), ('LC_MEASUREMENT', 'fr_FR.UTF-8'), ('LC_IDENTIFICATION', 'fr_FR.UTF-8'), ('QT_IM_MODULE', 'ibus'), ('PWD', '/home/ian/Documents/ARUS/proyect_academy/build/my_simulator_interfaces'), ('XDG_CONFIG_DIRS', '/etc/xdg/xdg-ubuntu:/etc/xdg'), ('XDG_DATA_DIRS', '/usr/share/ubuntu:/usr/local/share/:/usr/share/:/var/lib/snapd/desktop'), ('PYTHONPATH', '/opt/ros/humble/lib/python3.10/site-packages:/opt/ros/humble/local/lib/python3.10/dist-packages'), ('LC_NUMERIC', 'fr_FR.UTF-8'), ('LC_PAPER', 'fr_FR.UTF-8'), ('COLCON', '1'), ('VTE_VERSION', '6800'), ('CMAKE_PREFIX_PATH', '/opt/ros/humble')]), 'shell': False}
[0.042631] (my_simulator_interfaces) StdoutLine: {'line': b'[  9%] Built target my_simulator_interfaces__rosidl_generator_c\n'}
[0.043615] (my_simulator_interfaces) StdoutLine: {'line': b'[ 12%] Built target my_simulator_interfaces__cpp\n'}
[0.049397] (my_simulator_interfaces) StdoutLine: {'line': b'[ 12%] Built target ament_cmake_python_copy_my_simulator_interfaces\n'}
[0.056776] (my_simulator_interfaces) StdoutLine: {'line': b'[ 22%] Built target my_simulator_interfaces__rosidl_typesupport_cpp\n'}
[0.061831] (my_simulator_interfaces) StdoutLine: {'line': b'[ 41%] Built target my_simulator_interfaces__rosidl_typesupport_fastrtps_cpp\n'}
[0.062059] (my_simulator_interfaces) StdoutLine: {'line': b'[ 38%] Built target my_simulator_interfaces__rosidl_typesupport_introspection_cpp\n'}
[0.063579] (my_simulator_interfaces) StdoutLine: {'line': b'[ 51%] Built target my_simulator_interfaces__rosidl_typesupport_fastrtps_c\n'}
[0.070723] (my_simulator_interfaces) StdoutLine: {'line': b'[ 61%] Built target my_simulator_interfaces__rosidl_typesupport_introspection_c\n'}
[0.074860] (my_simulator_interfaces) StdoutLine: {'line': b'[ 70%] Built target my_simulator_interfaces__rosidl_typesupport_c\n'}
[0.086738] (my_simulator_interfaces) StdoutLine: {'line': b'[ 70%] Built target my_simulator_interfaces\n'}
[0.100663] (my_simulator_interfaces) StdoutLine: {'line': b'[ 74%] Built target my_simulator_interfaces__py\n'}
[0.100898] (-) TimerEvent: {}
[0.114864] (my_simulator_interfaces) StdoutLine: {'line': b'[ 80%] Built target my_simulator_interfaces__rosidl_generator_py\n'}
[0.133415] (my_simulator_interfaces) StdoutLine: {'line': b'[ 87%] Built target my_simulator_interfaces__rosidl_typesupport_c__pyext\n'}
[0.133766] (my_simulator_interfaces) StdoutLine: {'line': b'[ 93%] Built target my_simulator_interfaces__rosidl_typesupport_introspection_c__pyext\n'}
[0.135394] (my_simulator_interfaces) StdoutLine: {'line': b'[100%] Built target my_simulator_interfaces__rosidl_typesupport_fastrtps_c__pyext\n'}
[0.200481] (my_simulator_interfaces) StdoutLine: {'line': b'running egg_info\n'}
[0.201337] (my_simulator_interfaces) StdoutLine: {'line': b'writing my_simulator_interfaces.egg-info/PKG-INFO\n'}
[0.201422] (-) TimerEvent: {}
[0.201744] (my_simulator_interfaces) StdoutLine: {'line': b'writing dependency_links to my_simulator_interfaces.egg-info/dependency_links.txt\n'}
[0.201955] (my_simulator_interfaces) StdoutLine: {'line': b'writing top-level names to my_simulator_interfaces.egg-info/top_level.txt\n'}
[0.202428] (my_simulator_interfaces) StdoutLine: {'line': b"reading manifest file 'my_simulator_interfaces.egg-info/SOURCES.txt'\n"}
[0.202822] (my_simulator_interfaces) StdoutLine: {'line': b"writing manifest file 'my_simulator_interfaces.egg-info/SOURCES.txt'\n"}
[0.221098] (my_simulator_interfaces) StdoutLine: {'line': b'[100%] Built target ament_cmake_python_build_my_simulator_interfaces_egg\n'}
[0.228209] (my_simulator_interfaces) CommandEnded: {'returncode': 0}
[0.229129] (my_simulator_interfaces) JobProgress: {'identifier': 'my_simulator_interfaces', 'progress': 'install'}
[0.234874] (my_simulator_interfaces) Command: {'cmd': ['/usr/bin/cmake', '--install', '/home/ian/Documents/ARUS/proyect_academy/build/my_simulator_interfaces'], 'cwd': '/home/ian/Documents/ARUS/proyect_academy/build/my_simulator_interfaces', 'env': OrderedDict([('LESSOPEN', '| /usr/bin/lesspipe %s'), ('LANGUAGE', 'en_GB:en'), ('USER', 'ian'), ('LC_TIME', 'fr_FR.UTF-8'), ('XDG_SESSION_TYPE', 'wayland'), ('SHLVL', '1'), ('LD_LIBRARY_PATH', '/opt/ros/humble/opt/zenoh_cpp_vendor/lib:/opt/ros/humble/opt/rviz_ogre_vendor/lib:/opt/ros/humble/lib/x86_64-linux-gnu:/opt/ros/humble/lib'), ('HOME', '/home/ian'), ('OLDPWD', '/home/ian'), ('DESKTOP_SESSION', 'ubuntu'), ('ROS_PYTHON_VERSION', '3'), ('GNOME_SHELL_SESSION_MODE', 'ubuntu'), ('GTK_MODULES', 'gail:atk-bridge'), ('LC_MONETARY', 'fr_FR.UTF-8'), ('SYSTEMD_EXEC_PID', '1919'), ('DBUS_SESSION_BUS_ADDRESS', 'unix:path=/run/user/1000/bus'), ('COLORTERM', 'truecolor'), ('IM_CONFIG_PHASE', '1'), ('WAYLAND_DISPLAY', 'wayland-0'), ('ROS_DISTRO', 'humble'), ('LOGNAME', 'ian'), ('_', '/usr/bin/colcon'), ('ROS_VERSION', '2'), ('XDG_SESSION_CLASS', 'user'), ('USERNAME', 'ian'), ('TERM', 'xterm-256color'), ('GNOME_DESKTOP_SESSION_ID', 'this-is-deprecated'), ('ROS_LOCALHOST_ONLY', '0'), ('PATH', '/opt/ros/humble/bin:/usr/local/sbin:/usr/local/bin:/usr/sbin:/usr/bin:/sbin:/bin:/usr/games:/usr/local/games:/snap/bin:/snap/bin'), ('SESSION_MANAGER', 'local/Ubuntu-22:@/tmp/.ICE-unix/1728,unix/Ubuntu-22:/tmp/.ICE-unix/1728'), ('PAPERSIZE', 'a4'), ('XDG_MENU_PREFIX', 'gnome-'), ('LC_ADDRESS', 'fr_FR.UTF-8'), ('GNOME_TERMINAL_SCREEN', '/org/gnome/Terminal/screen/22d0015f_1957_48f4_af21_891401cad5da'), ('GNOME_SETUP_DISPLAY', ':1'), ('XDG_RUNTIME_DIR', '/run/user/1000'), ('DISPLAY', ':0'), ('LANG', 'en_GB.UTF-8'), ('XDG_CURRENT_DESKTOP', 'ubuntu:GNOME'), ('LC_TELEPHONE', 'fr_FR.UTF-8'), ('XMODIFIERS', '@im=ibus'), ('XDG_SESSION_DESKTOP', 'ubuntu'), ('XAUTHORITY', '/run/user/1000/.mutter-Xwaylandauth.H8BWE3'), ('LS_COLORS', 'rs=0:di=01;34:ln=01;36:mh=00:pi=40;33:so=01;35:do=01;35:bd=40;33;01:cd=40;33;01:or=40;31;01:mi=00:su=37;41:sg=30;43:ca=30;41:tw=30;42:ow=34;42:st=37;44:ex=01;32:*.tar=01;31:*.tgz=01;31:*.arc=01;31:*.arj=01;31:*.taz=01;31:*.lha=01;31:*.lz4=01;31:*.lzh=01;31:*.lzma=01;31:*.tlz=01;31:*.txz=01;31:*.tzo=01;31:*.t7z=01;31:*.zip=01;31:*.z=01;31:*.dz=01;31:*.gz=01;31:*.lrz=01;31:*.lz=01;31:*.lzo=01;31:*.xz=01;31:*.zst=01;31:*.tzst=01;31:*.bz2=01;31:*.bz=01;31:*.tbz=01;31:*.tbz2=01;31:*.tz=01;31:*.deb=01;31:*.rpm=01;31:*.jar=01;31:*.war=01;31:*.ear=01;31:*.sar=01;31:*.rar=01;31:*.alz=01;31:*.ace=01;31:*.zoo=01;31:*.cpio=01;31:*.7z=01;31:*.rz=01;31:*.cab=01;31:*.wim=01;31:*.swm=01;31:*.dwm=01;31:*.esd=01;31:*.jpg=01;35:*.jpeg=01;35:*.mjpg=01;35:*.mjpeg=01;35:*.gif=01;35:*.bmp=01;35:*.pbm=01;35:*.pgm=01;35:*.ppm=01;35:*.tga=01;35:*.xbm=01;35:*.xpm=01;35:*.tif=01;35:*.tiff=01;35:*.png=01;35:*.svg=01;35:*.svgz=01;35:*.mng=01;35:*.pcx=01;35:*.mov=01;35:*.mpg=01;35:*.mpeg=01;35:*.m2v=01;35:*.mkv=01;35:*.webm=01;35:*.webp=01;35:*.ogm=01;35:*.mp4=01;35:*.m4v=01;35:*.mp4v=01;35:*.vob=01;35:*.qt=01;35:*.nuv=01;35:*.wmv=01;35:*.asf=01;35:*.rm=01;35:*.rmvb=01;35:*.flc=01;35:*.avi=01;35:*.fli=01;35:*.flv=01;35:*.gl=01;35:*.dl=01;35:*.xcf=01;35:*.xwd=01;35:*.yuv=01;35:*.cgm=01;35:*.emf=01;35:*.ogv=01;35:*.ogx=01;35:*.aac=00;36:*.au=00;36:*.flac=00;36:*.m4a=00;36:*.mid=00;36:*.midi=00;36:*.mka=00;36:*.mp3=00;36:*.mpc=00;36:*.ogg=00;36:*.ra=00;36:*.wav=00;36:*.oga=00;36:*.opus=00;36:*.spx=00;36:*.xspf=00;36:'), ('GNOME_TERMINAL_SERVICE', ':1.145'), ('SSH_AGENT_LAUNCHER', 'gnome-keyring'), ('SSH_AUTH_SOCK', '/run/user/1000/keyring/ssh'), ('AMENT_PREFIX_PATH', '/opt/ros/humble'), ('SHELL', '/bin/bash'), ('LC_NAME', 'fr_FR.UTF-8'), ('QT_ACCESSIBILITY', '1'), ('GDMSESSION', 'ubuntu'), ('LESSCLOSE', '/usr/bin/lesspipe %s %s'), ('LC_MEASUREMENT', 'fr_FR.UTF-8'), ('LC_IDENTIFICATION', 'fr_FR.UTF-8'), ('QT_IM_MODULE', 'ibus'), ('PWD', '/home/ian/Documents/ARUS/proyect_academy/build/my_simulator_interfaces'), ('XDG_CONFIG_DIRS', '/etc/xdg/xdg-ubuntu:/etc/xdg'), ('XDG_DATA_DIRS', '/usr/share/ubuntu:/usr/local/share/:/usr/share/:/var/lib/snapd/desktop'), ('PYTHONPATH', '/opt/ros/humble/lib/python3.10/site-packages:/opt/ros/humble/local/lib/python3.10/dist-packages'), ('LC_NUMERIC', 'fr_FR.UTF-8'), ('LC_PAPER', 'fr_FR.UTF-8'), ('COLCON', '1'), ('VTE_VERSION', '6800'), ('CMAKE_PREFIX_PATH', '/opt/ros/humble')]), 'shell': False}
[0.240905] (my_simulator_interfaces) StdoutLine: {'line': b'-- Install configuration: ""\n'}
[0.241008] (my_simulator_interfaces) StdoutLine: {'line': b'-- Up-to-date: /home/ian/Documents/ARUS/proyect_academy/install/my_simulator_interfaces/share/ament_index/resource_index/rosidl_interfaces/my_simulator_interfaces\n'}
[0.241042] (my_simulator_interfaces) StdoutLine: {'line': b'-- Up-to-date: /home/ian/Documents/ARUS/proyect_academy/install/my_simulator_interfaces/include/my_simulator_interfaces/my_simulator_interfaces\n'}
[0.241070] (my_simulator_interfaces) StdoutLine: {'line': b'-- Up-to-date: /home/ian/Documents/ARUS/proyect_academy/install/my_simulator_interfaces/include/my_simulator_interfaces/my_simulator_interfaces/msg\n'}
[0.241098] (my_simulator_interfaces) StdoutLine: {'line': b'-- Up-to-date: /home/ian/Documents/ARUS/proyect_academy/install/my_simulator_interfaces/include/my_simulator_interfaces/my_simulator_interfaces/msg/rosidl_generator_c__visibility_control.h\n'}
[0.241126] (my_simulator_interfaces) StdoutLine: {'line': b'-- Up-to-date: /home/ian/Documents/ARUS/proyect_academy/install/my_simulator_interfaces/include/my_simulator_interfaces/my_simulator_interfaces/msg/detail\n'}
[0.241155] (my_simulator_interfaces) StdoutLine: {'line': b'-- Up-to-date: /home/ian/Documents/ARUS/proyect_academy/install/my_simulator_interfaces/include/my_simulator_interfaces/my_simulator_interfaces/msg/detail/comando__type_support.h\n'}
[0.241180] (my_simulator_interfaces) StdoutLine: {'line': b'-- Up-to-date: /home/ian/Documents/ARUS/proyect_academy/install/my_simulator_interfaces/include/my_simulator_interfaces/my_simulator_interfaces/msg/detail/comando__functions.h\n'}
[0.241204] (my_simulator_interfaces) StdoutLine: {'line': b'-- Up-to-date: /home/ian/Documents/ARUS/proyect_academy/install/my_simulator_interfaces/include/my_simulator_interfaces/my_simulator_interfaces/msg/detail/comando__struct.h\n'}
[0.241227] (my_simulator_interfaces) StdoutLine: {'line': b'-- Up-to-date: /home/ian/Documents/ARUS/proyect_academy/install/my_simulator_interfaces/include/my_simulator_interfaces/my_simulator_interfaces/msg/detail/comando__functions.c\n'}
[0.241252] (my_simulator_interfaces) StdoutLine: {'line': b'-- Up-to-date: /home/ian/Documents/ARUS/proyect_academy/install/my_simulator_interfaces/include/my_simulator_interfaces/my_simulator_interfaces/msg/comando.h\n'}
[0.241283] (my_simulator_interfaces) StdoutLine: {'line': b'-- Up-to-date: /home/ian/Documents/ARUS/proyect_academy/install/my_simulator_interfaces/share/my_simulator_interfaces/environment/library_path.sh\n'}
[0.241307] (my_simulator_interfaces) StdoutLine: {'line': b'-- Up-to-date: /home/ian/Documents/ARUS/proyect_academy/install/my_simulator_interfaces/share/my_simulator_interfaces/environment/library_path.dsv\n'}
[0.241331] (my_simulator_interfaces) StdoutLine: {'line': b'-- Up-to-date: /home/ian/Documents/ARUS/proyect_academy/install/my_simulator_interfaces/lib/libmy_simulator_interfaces__rosidl_generator_c.so\n'}
[0.241354] (my_simulator_interfaces) StdoutLine: {'line': b'-- Up-to-date: /home/ian/Documents/ARUS/proyect_academy/install/my_simulator_interfaces/include/my_simulator_interfaces/my_simulator_interfaces\n'}
[0.241376] (my_simulator_interfaces) StdoutLine: {'line': b'-- Up-to-date: /home/ian/Documents/ARUS/proyect_academy/install/my_simulator_interfaces/include/my_simulator_interfaces/my_simulator_interfaces/msg\n'}
[0.241399] (my_simulator_interfaces) StdoutLine: {'line': b'-- Up-to-date: /home/ian/Documents/ARUS/proyect_academy/install/my_simulator_interfaces/include/my_simulator_interfaces/my_simulator_interfaces/msg/detail\n'}
[0.241423] (my_simulator_interfaces) StdoutLine: {'line': b'-- Up-to-date: /home/ian/Documents/ARUS/proyect_academy/install/my_simulator_interfaces/include/my_simulator_interfaces/my_simulator_interfaces/msg/detail/comando__rosidl_typesupport_fastrtps_c.h\n'}
[0.241458] (my_simulator_interfaces) StdoutLine: {'line': b'-- Up-to-date: /home/ian/Documents/ARUS/proyect_academy/install/my_simulator_interfaces/include/my_simulator_interfaces/my_simulator_interfaces/msg/rosidl_typesupport_fastrtps_c__visibility_control.h\n'}
[0.241890] (my_simulator_interfaces) StdoutLine: {'line': b'-- Up-to-date: /home/ian/Documents/ARUS/proyect_academy/install/my_simulator_interfaces/lib/libmy_simulator_interfaces__rosidl_typesupport_fastrtps_c.so\n'}
[0.241929] (my_simulator_interfaces) StdoutLine: {'line': b'-- Up-to-date: /home/ian/Documents/ARUS/proyect_academy/install/my_simulator_interfaces/include/my_simulator_interfaces/my_simulator_interfaces\n'}
[0.241955] (my_simulator_interfaces) StdoutLine: {'line': b'-- Up-to-date: /home/ian/Documents/ARUS/proyect_academy/install/my_simulator_interfaces/include/my_simulator_interfaces/my_simulator_interfaces/msg\n'}
[0.241979] (my_simulator_interfaces) StdoutLine: {'line': b'-- Up-to-date: /home/ian/Documents/ARUS/proyect_academy/install/my_simulator_interfaces/include/my_simulator_interfaces/my_simulator_interfaces/msg/detail\n'}
[0.242004] (my_simulator_interfaces) StdoutLine: {'line': b'-- Up-to-date: /home/ian/Documents/ARUS/proyect_academy/install/my_simulator_interfaces/include/my_simulator_interfaces/my_simulator_interfaces/msg/detail/comando__rosidl_typesupport_introspection_c.h\n'}
[0.242032] (my_simulator_interfaces) StdoutLine: {'line': b'-- Up-to-date: /home/ian/Documents/ARUS/proyect_academy/install/my_simulator_interfaces/include/my_simulator_interfaces/my_simulator_interfaces/msg/detail/comando__type_support.c\n'}
[0.242088] (my_simulator_interfaces) StdoutLine: {'line': b'-- Up-to-date: /home/ian/Documents/ARUS/proyect_academy/install/my_simulator_interfaces/include/my_simulator_interfaces/my_simulator_interfaces/msg/rosidl_typesupport_introspection_c__visibility_control.h\n'}
[0.242523] (my_simulator_interfaces) StdoutLine: {'line': b'-- Up-to-date: /home/ian/Documents/ARUS/proyect_academy/install/my_simulator_interfaces/lib/libmy_simulator_interfaces__rosidl_typesupport_introspection_c.so\n'}
[0.242595] (my_simulator_interfaces) StdoutLine: {'line': b'-- Up-to-date: /home/ian/Documents/ARUS/proyect_academy/install/my_simulator_interfaces/lib/libmy_simulator_interfaces__rosidl_typesupport_c.so\n'}
[0.242626] (my_simulator_interfaces) StdoutLine: {'line': b'-- Up-to-date: /home/ian/Documents/ARUS/proyect_academy/install/my_simulator_interfaces/include/my_simulator_interfaces/my_simulator_interfaces\n'}
[0.242652] (my_simulator_interfaces) StdoutLine: {'line': b'-- Up-to-date: /home/ian/Documents/ARUS/proyect_academy/install/my_simulator_interfaces/include/my_simulator_interfaces/my_simulator_interfaces/msg\n'}
[0.242677] (my_simulator_interfaces) StdoutLine: {'line': b'-- Up-to-date: /home/ian/Documents/ARUS/proyect_academy/install/my_simulator_interfaces/include/my_simulator_interfaces/my_simulator_interfaces/msg/detail\n'}
[0.242701] (my_simulator_interfaces) StdoutLine: {'line': b'-- Up-to-date: /home/ian/Documents/ARUS/proyect_academy/install/my_simulator_interfaces/include/my_simulator_interfaces/my_simulator_interfaces/msg/detail/comando__type_support.hpp\n'}
[0.242725] (my_simulator_interfaces) StdoutLine: {'line': b'-- Up-to-date: /home/ian/Documents/ARUS/proyect_academy/install/my_simulator_interfaces/include/my_simulator_interfaces/my_simulator_interfaces/msg/detail/comando__traits.hpp\n'}
[0.242750] (my_simulator_interfaces) StdoutLine: {'line': b'-- Up-to-date: /home/ian/Documents/ARUS/proyect_academy/install/my_simulator_interfaces/include/my_simulator_interfaces/my_simulator_interfaces/msg/detail/comando__builder.hpp\n'}
[0.242805] (my_simulator_interfaces) StdoutLine: {'line': b'-- Up-to-date: /home/ian/Documents/ARUS/proyect_academy/install/my_simulator_interfaces/include/my_simulator_interfaces/my_simulator_interfaces/msg/detail/comando__struct.hpp\n'}
[0.242838] (my_simulator_interfaces) StdoutLine: {'line': b'-- Up-to-date: /home/ian/Documents/ARUS/proyect_academy/install/my_simulator_interfaces/include/my_simulator_interfaces/my_simulator_interfaces/msg/comando.hpp\n'}
[0.242865] (my_simulator_interfaces) StdoutLine: {'line': b'-- Up-to-date: /home/ian/Documents/ARUS/proyect_academy/install/my_simulator_interfaces/include/my_simulator_interfaces/my_simulator_interfaces/msg/rosidl_generator_cpp__visibility_control.hpp\n'}
[0.243193] (my_simulator_interfaces) StdoutLine: {'line': b'-- Up-to-date: /home/ian/Documents/ARUS/proyect_academy/install/my_simulator_interfaces/include/my_simulator_interfaces/my_simulator_interfaces\n'}
[0.243268] (my_simulator_interfaces) StdoutLine: {'line': b'-- Up-to-date: /home/ian/Documents/ARUS/proyect_academy/install/my_simulator_interfaces/include/my_simulator_interfaces/my_simulator_interfaces/msg\n'}
[0.243357] (my_simulator_interfaces) StdoutLine: {'line': b'-- Up-to-date: /home/ian/Documents/ARUS/proyect_academy/install/my_simulator_interfaces/include/my_simulator_interfaces/my_simulator_interfaces/msg/detail\n'}
[0.243385] (my_simulator_interfaces) StdoutLine: {'line': b'-- Up-to-date: /home/ian/Documents/ARUS/proyect_academy/install/my_simulator_interfaces/include/my_simulator_interfaces/my_simulator_interfaces/msg/detail/comando__rosidl_typesupport_fastrtps_cpp.hpp\n'}
[0.243411] (my_simulator_interfaces) StdoutLine: {'line': b'-- Up-to-date: /home/ian/Documents/ARUS/proyect_academy/install/my_simulator_interfaces/include/my_simulator_interfaces/my_simulator_interfaces/msg/detail/dds_fastrtps\n'}
[0.243444] (my_simulator_interfaces) StdoutLine: {'line': b'-- Up-to-date: /home/ian/Documents/ARUS/proyect_academy/install/my_simulator_interfaces/include/my_simulator_interfaces/my_simulator_interfaces/msg/rosidl_typesupport_fastrtps_cpp__visibility_control.h\n'}
[0.243570] (my_simulator_interfaces) StdoutLine: {'line': b'-- Up-to-date: /home/ian/Documents/ARUS/proyect_academy/install/my_simulator_interfaces/lib/libmy_simulator_interfaces__rosidl_typesupport_fastrtps_cpp.so\n'}
[0.243661] (my_simulator_interfaces) StdoutLine: {'line': b'-- Up-to-date: /home/ian/Documents/ARUS/proyect_academy/install/my_simulator_interfaces/include/my_simulator_interfaces/my_simulator_interfaces\n'}
[0.243693] (my_simulator_interfaces) StdoutLine: {'line': b'-- Up-to-date: /home/ian/Documents/ARUS/proyect_academy/install/my_simulator_interfaces/include/my_simulator_interfaces/my_simulator_interfaces/msg\n'}
[0.243720] (my_simulator_interfaces) StdoutLine: {'line': b'-- Up-to-date: /home/ian/Documents/ARUS/proyect_academy/install/my_simulator_interfaces/include/my_simulator_interfaces/my_simulator_interfaces/msg/detail\n'}
[0.243746] (my_simulator_interfaces) StdoutLine: {'line': b'-- Up-to-date: /home/ian/Documents/ARUS/proyect_academy/install/my_simulator_interfaces/include/my_simulator_interfaces/my_simulator_interfaces/msg/detail/comando__rosidl_typesupport_introspection_cpp.hpp\n'}
[0.243771] (my_simulator_interfaces) StdoutLine: {'line': b'-- Up-to-date: /home/ian/Documents/ARUS/proyect_academy/install/my_simulator_interfaces/include/my_simulator_interfaces/my_simulator_interfaces/msg/detail/comando__type_support.cpp\n'}
[0.243853] (my_simulator_interfaces) StdoutLine: {'line': b'-- Up-to-date: /home/ian/Documents/ARUS/proyect_academy/install/my_simulator_interfaces/lib/libmy_simulator_interfaces__rosidl_typesupport_introspection_cpp.so\n'}
[0.243959] (my_simulator_interfaces) StdoutLine: {'line': b'-- Up-to-date: /home/ian/Documents/ARUS/proyect_academy/install/my_simulator_interfaces/lib/libmy_simulator_interfaces__rosidl_typesupport_cpp.so\n'}
[0.244077] (my_simulator_interfaces) StdoutLine: {'line': b'-- Up-to-date: /home/ian/Documents/ARUS/proyect_academy/install/my_simulator_interfaces/share/my_simulator_interfaces/environment/pythonpath.sh\n'}
[0.244113] (my_simulator_interfaces) StdoutLine: {'line': b'-- Up-to-date: /home/ian/Documents/ARUS/proyect_academy/install/my_simulator_interfaces/share/my_simulator_interfaces/environment/pythonpath.dsv\n'}
[0.244151] (my_simulator_interfaces) StdoutLine: {'line': b'-- Up-to-date: /home/ian/Documents/ARUS/proyect_academy/install/my_simulator_interfaces/local/lib/python3.10/dist-packages/my_simulator_interfaces-0.0.0-py3.10.egg-info\n'}
[0.244182] (my_simulator_interfaces) StdoutLine: {'line': b'-- Installing: /home/ian/Documents/ARUS/proyect_academy/install/my_simulator_interfaces/local/lib/python3.10/dist-packages/my_simulator_interfaces-0.0.0-py3.10.egg-info/dependency_links.txt\n'}
[0.244213] (my_simulator_interfaces) StdoutLine: {'line': b'-- Installing: /home/ian/Documents/ARUS/proyect_academy/install/my_simulator_interfaces/local/lib/python3.10/dist-packages/my_simulator_interfaces-0.0.0-py3.10.egg-info/PKG-INFO\n'}
[0.244243] (my_simulator_interfaces) StdoutLine: {'line': b'-- Installing: /home/ian/Documents/ARUS/proyect_academy/install/my_simulator_interfaces/local/lib/python3.10/dist-packages/my_simulator_interfaces-0.0.0-py3.10.egg-info/SOURCES.txt\n'}
[0.244270] (my_simulator_interfaces) StdoutLine: {'line': b'-- Installing: /home/ian/Documents/ARUS/proyect_academy/install/my_simulator_interfaces/local/lib/python3.10/dist-packages/my_simulator_interfaces-0.0.0-py3.10.egg-info/top_level.txt\n'}
[0.244304] (my_simulator_interfaces) StdoutLine: {'line': b'-- Up-to-date: /home/ian/Documents/ARUS/proyect_academy/install/my_simulator_interfaces/local/lib/python3.10/dist-packages/my_simulator_interfaces\n'}
[0.244337] (my_simulator_interfaces) StdoutLine: {'line': b'-- Up-to-date: /home/ian/Documents/ARUS/proyect_academy/install/my_simulator_interfaces/local/lib/python3.10/dist-packages/my_simulator_interfaces/__init__.py\n'}
[0.244367] (my_simulator_interfaces) StdoutLine: {'line': b'-- Up-to-date: /home/ian/Documents/ARUS/proyect_academy/install/my_simulator_interfaces/local/lib/python3.10/dist-packages/my_simulator_interfaces/_my_simulator_interfaces_s.ep.rosidl_typesupport_fastrtps_c.c\n'}
[0.244396] (my_simulator_interfaces) StdoutLine: {'line': b'-- Up-to-date: /home/ian/Documents/ARUS/proyect_academy/install/my_simulator_interfaces/local/lib/python3.10/dist-packages/my_simulator_interfaces/my_simulator_interfaces_s__rosidl_typesupport_c.cpython-310-x86_64-linux-gnu.so\n'}
[0.244426] (my_simulator_interfaces) StdoutLine: {'line': b'-- Up-to-date: /home/ian/Documents/ARUS/proyect_academy/install/my_simulator_interfaces/local/lib/python3.10/dist-packages/my_simulator_interfaces/msg\n'}
[0.244480] (my_simulator_interfaces) StdoutLine: {'line': b'-- Up-to-date: /home/ian/Documents/ARUS/proyect_academy/install/my_simulator_interfaces/local/lib/python3.10/dist-packages/my_simulator_interfaces/msg/__init__.py\n'}
[0.244527] (my_simulator_interfaces) StdoutLine: {'line': b'-- Up-to-date: /home/ian/Documents/ARUS/proyect_academy/install/my_simulator_interfaces/local/lib/python3.10/dist-packages/my_simulator_interfaces/msg/_comando_s.c\n'}
[0.244558] (my_simulator_interfaces) StdoutLine: {'line': b'-- Up-to-date: /home/ian/Documents/ARUS/proyect_academy/install/my_simulator_interfaces/local/lib/python3.10/dist-packages/my_simulator_interfaces/msg/_comando.py\n'}
[0.244594] (my_simulator_interfaces) StdoutLine: {'line': b'-- Up-to-date: /home/ian/Documents/ARUS/proyect_academy/install/my_simulator_interfaces/local/lib/python3.10/dist-packages/my_simulator_interfaces/my_simulator_interfaces_s__rosidl_typesupport_introspection_c.cpython-310-x86_64-linux-gnu.so\n'}
[0.244624] (my_simulator_interfaces) StdoutLine: {'line': b'-- Up-to-date: /home/ian/Documents/ARUS/proyect_academy/install/my_simulator_interfaces/local/lib/python3.10/dist-packages/my_simulator_interfaces/_my_simulator_interfaces_s.ep.rosidl_typesupport_introspection_c.c\n'}
[0.244652] (my_simulator_interfaces) StdoutLine: {'line': b'-- Up-to-date: /home/ian/Documents/ARUS/proyect_academy/install/my_simulator_interfaces/local/lib/python3.10/dist-packages/my_simulator_interfaces/my_simulator_interfaces_s__rosidl_typesupport_fastrtps_c.cpython-310-x86_64-linux-gnu.so\n'}
[0.244681] (my_simulator_interfaces) StdoutLine: {'line': b'-- Up-to-date: /home/ian/Documents/ARUS/proyect_academy/install/my_simulator_interfaces/local/lib/python3.10/dist-packages/my_simulator_interfaces/libmy_simulator_interfaces__rosidl_generator_py.so\n'}
[0.244712] (my_simulator_interfaces) StdoutLine: {'line': b'-- Up-to-date: /home/ian/Documents/ARUS/proyect_academy/install/my_simulator_interfaces/local/lib/python3.10/dist-packages/my_simulator_interfaces/_my_simulator_interfaces_s.ep.rosidl_typesupport_c.c\n'}
[0.265336] (my_simulator_interfaces) StdoutLine: {'line': b"Listing '/home/ian/Documents/ARUS/proyect_academy/install/my_simulator_interfaces/local/lib/python3.10/dist-packages/my_simulator_interfaces'...\n"}
[0.265606] (my_simulator_interfaces) StdoutLine: {'line': b"Listing '/home/ian/Documents/ARUS/proyect_academy/install/my_simulator_interfaces/local/lib/python3.10/dist-packages/my_simulator_interfaces/msg'...\n"}
[0.268101] (my_simulator_interfaces) StdoutLine: {'line': b'-- Up-to-date: /home/ian/Documents/ARUS/proyect_academy/install/my_simulator_interfaces/local/lib/python3.10/dist-packages/my_simulator_interfaces/my_simulator_interfaces_s__rosidl_typesupport_fastrtps_c.cpython-310-x86_64-linux-gnu.so\n'}
[0.269046] (my_simulator_interfaces) StdoutLine: {'line': b'-- Up-to-date: /home/ian/Documents/ARUS/proyect_academy/install/my_simulator_interfaces/local/lib/python3.10/dist-packages/my_simulator_interfaces/my_simulator_interfaces_s__rosidl_typesupport_introspection_c.cpython-310-x86_64-linux-gnu.so\n'}
[0.269250] (my_simulator_interfaces) StdoutLine: {'line': b'-- Up-to-date: /home/ian/Documents/ARUS/proyect_academy/install/my_simulator_interfaces/local/lib/python3.10/dist-packages/my_simulator_interfaces/my_simulator_interfaces_s__rosidl_typesupport_c.cpython-310-x86_64-linux-gnu.so\n'}
[0.269769] (my_simulator_interfaces) StdoutLine: {'line': b'-- Up-to-date: /home/ian/Documents/ARUS/proyect_academy/install/my_simulator_interfaces/lib/libmy_simulator_interfaces__rosidl_generator_py.so\n'}
[0.270451] (my_simulator_interfaces) StdoutLine: {'line': b'-- Up-to-date: /home/ian/Documents/ARUS/proyect_academy/install/my_simulator_interfaces/share/my_simulator_interfaces/msg/Comando.idl\n'}
[0.270517] (my_simulator_interfaces) StdoutLine: {'line': b'-- Up-to-date: /home/ian/Documents/ARUS/proyect_academy/install/my_simulator_interfaces/share/my_simulator_interfaces/msg/Comando.msg\n'}
[0.272669] (my_simulator_interfaces) StdoutLine: {'line': b'-- Up-to-date: /home/ian/Documents/ARUS/proyect_academy/install/my_simulator_interfaces/share/ament_index/resource_index/package_run_dependencies/my_simulator_interfaces\n'}
[0.272802] (my_simulator_interfaces) StdoutLine: {'line': b'-- Up-to-date: /home/ian/Documents/ARUS/proyect_academy/install/my_simulator_interfaces/share/ament_index/resource_index/parent_prefix_path/my_simulator_interfaces\n'}
[0.272853] (my_simulator_interfaces) StdoutLine: {'line': b'-- Up-to-date: /home/ian/Documents/ARUS/proyect_academy/install/my_simulator_interfaces/share/my_simulator_interfaces/environment/ament_prefix_path.sh\n'}
[0.272882] (my_simulator_interfaces) StdoutLine: {'line': b'-- Up-to-date: /home/ian/Documents/ARUS/proyect_academy/install/my_simulator_interfaces/share/my_simulator_interfaces/environment/ament_prefix_path.dsv\n'}
[0.272922] (my_simulator_interfaces) StdoutLine: {'line': b'-- Up-to-date: /home/ian/Documents/ARUS/proyect_academy/install/my_simulator_interfaces/share/my_simulator_interfaces/environment/path.sh\n'}
[0.272957] (my_simulator_interfaces) StdoutLine: {'line': b'-- Up-to-date: /home/ian/Documents/ARUS/proyect_academy/install/my_simulator_interfaces/share/my_simulator_interfaces/environment/path.dsv\n'}
[0.272983] (my_simulator_interfaces) StdoutLine: {'line': b'-- Up-to-date: /home/ian/Documents/ARUS/proyect_academy/install/my_simulator_interfaces/share/my_simulator_interfaces/local_setup.bash\n'}
[0.273008] (my_simulator_interfaces) StdoutLine: {'line': b'-- Up-to-date: /home/ian/Documents/ARUS/proyect_academy/install/my_simulator_interfaces/share/my_simulator_interfaces/local_setup.sh\n'}
[0.273033] (my_simulator_interfaces) StdoutLine: {'line': b'-- Up-to-date: /home/ian/Documents/ARUS/proyect_academy/install/my_simulator_interfaces/share/my_simulator_interfaces/local_setup.zsh\n'}
[0.273063] (my_simulator_interfaces) StdoutLine: {'line': b'-- Up-to-date: /home/ian/Documents/ARUS/proyect_academy/install/my_simulator_interfaces/share/my_simulator_interfaces/local_setup.dsv\n'}
[0.273087] (my_simulator_interfaces) StdoutLine: {'line': b'-- Installing: /home/ian/Documents/ARUS/proyect_academy/install/my_simulator_interfaces/share/my_simulator_interfaces/package.dsv\n'}
[0.273116] (my_simulator_interfaces) StdoutLine: {'line': b'-- Up-to-date: /home/ian/Documents/ARUS/proyect_academy/install/my_simulator_interfaces/share/ament_index/resource_index/packages/my_simulator_interfaces\n'}
[0.273141] (my_simulator_interfaces) StdoutLine: {'line': b'-- Up-to-date: /home/ian/Documents/ARUS/proyect_academy/install/my_simulator_interfaces/share/my_simulator_interfaces/cmake/export_my_simulator_interfaces__rosidl_generator_cExport.cmake\n'}
[0.273166] (my_simulator_interfaces) StdoutLine: {'line': b'-- Up-to-date: /home/ian/Documents/ARUS/proyect_academy/install/my_simulator_interfaces/share/my_simulator_interfaces/cmake/export_my_simulator_interfaces__rosidl_generator_cExport-noconfig.cmake\n'}
[0.273205] (my_simulator_interfaces) StdoutLine: {'line': b'-- Up-to-date: /home/ian/Documents/ARUS/proyect_academy/install/my_simulator_interfaces/share/my_simulator_interfaces/cmake/export_my_simulator_interfaces__rosidl_typesupport_fastrtps_cExport.cmake\n'}
[0.273257] (my_simulator_interfaces) StdoutLine: {'line': b'-- Up-to-date: /home/ian/Documents/ARUS/proyect_academy/install/my_simulator_interfaces/share/my_simulator_interfaces/cmake/export_my_simulator_interfaces__rosidl_typesupport_fastrtps_cExport-noconfig.cmake\n'}
[0.273288] (my_simulator_interfaces) StdoutLine: {'line': b'-- Up-to-date: /home/ian/Documents/ARUS/proyect_academy/install/my_simulator_interfaces/share/my_simulator_interfaces/cmake/my_simulator_interfaces__rosidl_typesupport_introspection_cExport.cmake\n'}
[0.273318] (my_simulator_interfaces) StdoutLine: {'line': b'-- Up-to-date: /home/ian/Documents/ARUS/proyect_academy/install/my_simulator_interfaces/share/my_simulator_interfaces/cmake/my_simulator_interfaces__rosidl_typesupport_introspection_cExport-noconfig.cmake\n'}
[0.273346] (my_simulator_interfaces) StdoutLine: {'line': b'-- Up-to-date: /home/ian/Documents/ARUS/proyect_academy/install/my_simulator_interfaces/share/my_simulator_interfaces/cmake/my_simulator_interfaces__rosidl_typesupport_cExport.cmake\n'}
[0.273689] (my_simulator_interfaces) StdoutLine: {'line': b'-- Up-to-date: /home/ian/Documents/ARUS/proyect_academy/install/my_simulator_interfaces/share/my_simulator_interfaces/cmake/my_simulator_interfaces__rosidl_typesupport_cExport-noconfig.cmake\n'}
[0.273803] (my_simulator_interfaces) StdoutLine: {'line': b'-- Up-to-date: /home/ian/Documents/ARUS/proyect_academy/install/my_simulator_interfaces/share/my_simulator_interfaces/cmake/export_my_simulator_interfaces__rosidl_generator_cppExport.cmake\n'}
[0.273844] (my_simulator_interfaces) StdoutLine: {'line': b'-- Up-to-date: /home/ian/Documents/ARUS/proyect_academy/install/my_simulator_interfaces/share/my_simulator_interfaces/cmake/export_my_simulator_interfaces__rosidl_typesupport_fastrtps_cppExport.cmake\n'}
[0.273968] (my_simulator_interfaces) StdoutLine: {'line': b'-- Up-to-date: /home/ian/Documents/ARUS/proyect_academy/install/my_simulator_interfaces/share/my_simulator_interfaces/cmake/export_my_simulator_interfaces__rosidl_typesupport_fastrtps_cppExport-noconfig.cmake\n'}
[0.274050] (my_simulator_interfaces) StdoutLine: {'line': b'-- Up-to-date: /home/ian/Documents/ARUS/proyect_academy/install/my_simulator_interfaces/share/my_simulator_interfaces/cmake/my_simulator_interfaces__rosidl_typesupport_introspection_cppExport.cmake\n'}
[0.274080] (my_simulator_interfaces) StdoutLine: {'line': b'-- Up-to-date: /home/ian/Documents/ARUS/proyect_academy/install/my_simulator_interfaces/share/my_simulator_interfaces/cmake/my_simulator_interfaces__rosidl_typesupport_introspection_cppExport-noconfig.cmake\n'}
[0.274109] (my_simulator_interfaces) StdoutLine: {'line': b'-- Up-to-date: /home/ian/Documents/ARUS/proyect_academy/install/my_simulator_interfaces/share/my_simulator_interfaces/cmake/my_simulator_interfaces__rosidl_typesupport_cppExport.cmake\n'}
[0.274134] (my_simulator_interfaces) StdoutLine: {'line': b'-- Up-to-date: /home/ian/Documents/ARUS/proyect_academy/install/my_simulator_interfaces/share/my_simulator_interfaces/cmake/my_simulator_interfaces__rosidl_typesupport_cppExport-noconfig.cmake\n'}
[0.274159] (my_simulator_interfaces) StdoutLine: {'line': b'-- Up-to-date: /home/ian/Documents/ARUS/proyect_academy/install/my_simulator_interfaces/share/my_simulator_interfaces/cmake/export_my_simulator_interfaces__rosidl_generator_pyExport.cmake\n'}
[0.274184] (my_simulator_interfaces) StdoutLine: {'line': b'-- Up-to-date: /home/ian/Documents/ARUS/proyect_academy/install/my_simulator_interfaces/share/my_simulator_interfaces/cmake/export_my_simulator_interfaces__rosidl_generator_pyExport-noconfig.cmake\n'}
[0.274208] (my_simulator_interfaces) StdoutLine: {'line': b'-- Up-to-date: /home/ian/Documents/ARUS/proyect_academy/install/my_simulator_interfaces/share/my_simulator_interfaces/cmake/rosidl_cmake-extras.cmake\n'}
[0.274234] (my_simulator_interfaces) StdoutLine: {'line': b'-- Up-to-date: /home/ian/Documents/ARUS/proyect_academy/install/my_simulator_interfaces/share/my_simulator_interfaces/cmake/ament_cmake_export_include_directories-extras.cmake\n'}
[0.274276] (my_simulator_interfaces) StdoutLine: {'line': b'-- Up-to-date: /home/ian/Documents/ARUS/proyect_academy/install/my_simulator_interfaces/share/my_simulator_interfaces/cmake/ament_cmake_export_libraries-extras.cmake\n'}
[0.274303] (my_simulator_interfaces) StdoutLine: {'line': b'-- Up-to-date: /home/ian/Documents/ARUS/proyect_academy/install/my_simulator_interfaces/share/my_simulator_interfaces/cmake/ament_cmake_export_targets-extras.cmake\n'}
[0.274333] (my_simulator_interfaces) StdoutLine: {'line': b'-- Up-to-date: /home/ian/Documents/ARUS/proyect_academy/install/my_simulator_interfaces/share/my_simulator_interfaces/cmake/rosidl_cmake_export_typesupport_targets-extras.cmake\n'}
[0.274357] (my_simulator_interfaces) StdoutLine: {'line': b'-- Up-to-date: /home/ian/Documents/ARUS/proyect_academy/install/my_simulator_interfaces/share/my_simulator_interfaces/cmake/ament_cmake_export_dependencies-extras.cmake\n'}
[0.274381] (my_simulator_interfaces) StdoutLine: {'line': b'-- Up-to-date: /home/ian/Documents/ARUS/proyect_academy/install/my_simulator_interfaces/share/my_simulator_interfaces/cmake/rosidl_cmake_export_typesupport_libraries-extras.cmake\n'}
[0.274404] (my_simulator_interfaces) StdoutLine: {'line': b'-- Up-to-date: /home/ian/Documents/ARUS/proyect_academy/install/my_simulator_interfaces/share/my_simulator_interfaces/cmake/my_simulator_interfacesConfig.cmake\n'}
[0.274426] (my_simulator_interfaces) StdoutLine: {'line': b'-- Up-to-date: /home/ian/Documents/ARUS/proyect_academy/install/my_simulator_interfaces/share/my_simulator_interfaces/cmake/my_simulator_interfacesConfig-version.cmake\n'}
[0.274449] (my_simulator_interfaces) StdoutLine: {'line': b'-- Up-to-date: /home/ian/Documents/ARUS/proyect_academy/install/my_simulator_interfaces/share/my_simulator_interfaces/package.xml\n'}
[0.275960] (my_simulator_interfaces) CommandEnded: {'returncode': 0}
[0.290117] (my_simulator_interfaces) JobEnded: {'identifier': 'my_simulator_interfaces', 'rc': 0}
[0.290760] (my_simulator) JobStarted: {'identifier': 'my_simulator'}
[0.294667] (my_simulator) JobProgress: {'identifier': 'my_simulator', 'progress': 'cmake'}
[0.295071] (my_simulator) JobProgress: {'identifier': 'my_simulator', 'progress': 'build'}
[0.295973] (my_simulator) Command: {'cmd': ['/usr/bin/cmake', '--build', '/home/ian/Documents/ARUS/proyect_academy/build/my_simulator', '--', '-j4', '-l4'], 'cwd': '/home/ian/Documents/ARUS/proyect_academy/build/my_simulator', 'env': OrderedDict([('LESSOPEN', '| /usr/bin/lesspipe %s'), ('LANGUAGE', 'en_GB:en'), ('USER', 'ian'), ('LC_TIME', 'fr_FR.UTF-8'), ('XDG_SESSION_TYPE', 'wayland'), ('SHLVL', '1'), ('LD_LIBRARY_PATH', '/home/ian/Documents/ARUS/proyect_academy/install/my_simulator_interfaces/lib:/opt/ros/humble/opt/zenoh_cpp_vendor/lib:/opt/ros/humble/opt/rviz_ogre_vendor/lib:/opt/ros/humble/lib/x86_64-linux-gnu:/opt/ros/humble/lib'), ('HOME', '/home/ian'), ('OLDPWD', '/home/ian'), ('DESKTOP_SESSION', 'ubuntu'), ('ROS_PYTHON_VERSION', '3'), ('GNOME_SHELL_SESSION_MODE', 'ubuntu'), ('GTK_MODULES', 'gail:atk-bridge'), ('LC_MONETARY', 'fr_FR.UTF-8'), ('SYSTEMD_EXEC_PID', '1919'), ('DBUS_SESSION_BUS_ADDRESS', 'unix:path=/run/user/1000/bus'), ('COLORTERM', 'truecolor'), ('IM_CONFIG_PHASE', '1'), ('WAYLAND_DISPLAY', 'wayland-0'), ('ROS_DISTRO', 'humble'), ('LOGNAME', 'ian'), ('_', '/usr/bin/colcon'), ('ROS_VERSION', '2'), ('XDG_SESSION_CLASS', 'user'), ('USERNAME', 'ian'), ('TERM', 'xterm-256color'), ('GNOME_DESKTOP_SESSION_ID', 'this-is-deprecated'), ('ROS_LOCALHOST_ONLY', '0'), ('PATH', '/opt/ros/humble/bin:/usr/local/sbin:/usr/local/bin:/usr/sbin:/usr/bin:/sbin:/bin:/usr/games:/usr/local/games:/snap/bin:/snap/bin'), ('SESSION_MANAGER', 'local/Ubuntu-22:@/tmp/.ICE-unix/1728,unix/Ubuntu-22:/tmp/.ICE-unix/1728'), ('PAPERSIZE', 'a4'), ('XDG_MENU_PREFIX', 'gnome-'), ('LC_ADDRESS', 'fr_FR.UTF-8'), ('GNOME_TERMINAL_SCREEN', '/org/gnome/Terminal/screen/22d0015f_1957_48f4_af21_891401cad5da'), ('GNOME_SETUP_DISPLAY', ':1'), ('XDG_RUNTIME_DIR', '/run/user/1000'), ('DISPLAY', ':0'), ('LANG', 'en_GB.UTF-8'), ('XDG_CURRENT_DESKTOP', 'ubuntu:GNOME'), ('LC_TELEPHONE', 'fr_FR.UTF-8'), ('XMODIFIERS', '@im=ibus'), ('XDG_SESSION_DESKTOP', 'ubuntu'), ('XAUTHORITY', '/run/user/1000/.mutter-Xwaylandauth.H8BWE3'), ('LS_COLORS', 'rs=0:di=01;34:ln=01;36:mh=00:pi=40;33:so=01;35:do=01;35:bd=40;33;01:cd=40;33;01:or=40;31;01:mi=00:su=37;41:sg=30;43:ca=30;41:tw=30;42:ow=34;42:st=37;44:ex=01;32:*.tar=01;31:*.tgz=01;31:*.arc=01;31:*.arj=01;31:*.taz=01;31:*.lha=01;31:*.lz4=01;31:*.lzh=01;31:*.lzma=01;31:*.tlz=01;31:*.txz=01;31:*.tzo=01;31:*.t7z=01;31:*.zip=01;31:*.z=01;31:*.dz=01;31:*.gz=01;31:*.lrz=01;31:*.lz=01;31:*.lzo=01;31:*.xz=01;31:*.zst=01;31:*.tzst=01;31:*.bz2=01;31:*.bz=01;31:*.tbz=01;31:*.tbz2=01;31:*.tz=01;31:*.deb=01;31:*.rpm=01;31:*.jar=01;31:*.war=01;31:*.ear=01;31:*.sar=01;31:*.rar=01;31:*.alz=01;31:*.ace=01;31:*.zoo=01;31:*.cpio=01;31:*.7z=01;31:*.rz=01;31:*.cab=01;31:*.wim=01;31:*.swm=01;31:*.dwm=01;31:*.esd=01;31:*.jpg=01;35:*.jpeg=01;35:*.mjpg=01;35:*.mjpeg=01;35:*.gif=01;35:*.bmp=01;35:*.pbm=01;35:*.pgm=01;35:*.ppm=01;35:*.tga=01;35:*.xbm=01;35:*.xpm=01;35:*.tif=01;35:*.tiff=01;35:*.png=01;35:*.svg=01;35:*.svgz=01;35:*.mng=01;35:*.pcx=01;35:*.mov=01;35:*.mpg=01;35:*.mpeg=01;35:*.m2v=01;35:*.mkv=01;35:*.webm=01;35:*.webp=01;35:*.ogm=01;35:*.mp4=01;35:*.m4v=01;35:*.mp4v=01;35:*.vob=01;35:*.qt=01;35:*.nuv=01;35:*.wmv=01;35:*.asf=01;35:*.rm=01;35:*.rmvb=01;35:*.flc=01;35:*.avi=01;35:*.fli=01;35:*.flv=01;35:*.gl=01;35:*.dl=01;35:*.xcf=01;35:*.xwd=01;35:*.yuv=01;35:*.cgm=01;35:*.emf=01;35:*.ogv=01;35:*.ogx=01;35:*.aac=00;36:*.au=00;36:*.flac=00;36:*.m4a=00;36:*.mid=00;36:*.midi=00;36:*.mka=00;36:*.mp3=00;36:*.mpc=00;36:*.ogg=00;36:*.ra=00;36:*.wav=00;36:*.oga=00;36:*.opus=00;36:*.spx=00;36:*.xspf=00;36:'), ('GNOME_TERMINAL_SERVICE', ':1.145'), ('SSH_AGENT_LAUNCHER', 'gnome-keyring'), ('SSH_AUTH_SOCK', '/run/user/1000/keyring/ssh'), ('AMENT_PREFIX_PATH', '/home/ian/Documents/ARUS/proyect_academy/install/my_simulator_interfaces:/opt/ros/humble'), ('SHELL', '/bin/bash'), ('LC_NAME', 'fr_FR.UTF-8'), ('QT_ACCESSIBILITY', '1'), ('GDMSESSION', 'ubuntu'), ('LESSCLOSE', '/usr/bin/lesspipe %s %s'), ('LC_MEASUREMENT', 'fr_FR.UTF-8'), ('LC_IDENTIFICATION', 'fr_FR.UTF-8'), ('QT_IM_MODULE', 'ibus'), ('PWD', '/home/ian/Documents/ARUS/proyect_academy/build/my_simulator'), ('XDG_CONFIG_DIRS', '/etc/xdg/xdg-ubuntu:/etc/xdg'), ('XDG_DATA_DIRS', '/usr/share/ubuntu:/usr/local/share/:/usr/share/:/var/lib/snapd/desktop'), ('PYTHONPATH', '/home/ian/Documents/ARUS/proyect_academy/install/my_simulator_interfaces/local/lib/python3.10/dist-packages:/opt/ros/humble/lib/python3.10/site-packages:/opt/ros/humble/local/lib/python3.10/dist-packages'), ('LC_NUMERIC', 'fr_FR.UTF-8'), ('LC_PAPER', 'fr_FR.UTF-8'), ('COLCON', '1'), ('VTE_VERSION', '6800'), ('CMAKE_PREFIX_PATH', '/home/ian/Documents/ARUS/proyect_academy/install/my_simulator_interfaces:/opt/ros/humble')]), 'shell': False}
[0.301650] (-) TimerEvent: {}
[0.325074] (my_simulator) StdoutLine: {'line': b'\x1b[35m\x1b[1mConsolidate compiler generated dependencies of target CommandPublisher\x1b[0m\n'}
[0.337684] (my_simulator) StdoutLine: {'line': b'[ 60%] Built target my_simulator\n'}
[0.337963] (my_simulator) StdoutLine: {'line': b'[ 80%] \x1b[32mBuilding CXX object CMakeFiles/CommandPublisher.dir/src/CommandPublisher.cpp.o\x1b[0m\n'}
[0.401810] (-) TimerEvent: {}
[0.502450] (-) TimerEvent: {}
[0.602866] (-) TimerEvent: {}
[0.703524] (-) TimerEvent: {}
[0.808888] (-) TimerEvent: {}
[0.911541] (-) TimerEvent: {}
[1.012134] (-) TimerEvent: {}
[1.112764] (-) TimerEvent: {}
[1.216139] (-) TimerEvent: {}
[1.316519] (-) TimerEvent: {}
[1.417590] (-) TimerEvent: {}
[1.518079] (-) TimerEvent: {}
[1.618629] (-) TimerEvent: {}
[1.720855] (-) TimerEvent: {}
[1.819877] (my_simulator) StderrLine: {'line': b'In file included from \x1b[01m\x1b[K/usr/include/c++/11/pstl/glue_algorithm_defs.h:13\x1b[m\x1b[K,\n'}
[1.820083] (my_simulator) StderrLine: {'line': b'                 from \x1b[01m\x1b[K/usr/include/c++/11/algorithm:74\x1b[m\x1b[K,\n'}
[1.820495] (my_simulator) StderrLine: {'line': b'                 from \x1b[01m\x1b[K/opt/ros/humble/include/rclcpp/rclcpp/executor.hpp:18\x1b[m\x1b[K,\n'}
[1.820633] (my_simulator) StderrLine: {'line': b'                 from \x1b[01m\x1b[K/opt/ros/humble/include/rclcpp/rclcpp/executors/multi_threaded_executor.hpp:25\x1b[m\x1b[K,\n'}
[1.820663] (my_simulator) StderrLine: {'line': b'                 from \x1b[01m\x1b[K/opt/ros/humble/include/rclcpp/rclcpp/executors.hpp:21\x1b[m\x1b[K,\n'}
[1.820689] (my_simulator) StderrLine: {'line': b'                 from \x1b[01m\x1b[K/opt/ros/humble/include/rclcpp/rclcpp/rclcpp.hpp:155\x1b[m\x1b[K,\n'}
[1.820713] (my_simulator) StderrLine: {'line': b'                 from \x1b[01m\x1b[K/home/ian/Documents/ARUS/proyect_academy/src/my_simulator/src/CommandPublisher.cpp:1\x1b[m\x1b[K:\n'}
[1.820737] (my_simulator) StderrLine: {'line': b'/usr/include/c++/11/functional: In instantiation of \xe2\x80\x98\x1b[01m\x1b[Kstruct std::_Bind_check_arity<void (CommandPublisher::*)()>\x1b[m\x1b[K\xe2\x80\x99:\n'}
[1.820763] (my_simulator) StderrLine: {'line': b'\x1b[01m\x1b[K/usr/include/c++/11/functional:768:12:\x1b[m\x1b[K   required from \xe2\x80\x98\x1b[01m\x1b[Kstruct std::_Bind_helper<false, void (CommandPublisher::*)()>\x1b[m\x1b[K\xe2\x80\x99\n'}
[1.820797] (my_simulator) StderrLine: {'line': b'\x1b[01m\x1b[K/usr/include/c++/11/functional:789:5:\x1b[m\x1b[K   required by substitution of \xe2\x80\x98\x1b[01m\x1b[Ktemplate<class _Func, class ... _BoundArgs> typename std::_Bind_helper<std::__is_socketlike<_Func>::value, _Func, _BoundArgs ...>::type std::bind(_Func&&, _BoundArgs&& ...) [with _Func = void (CommandPublisher::*)(); _BoundArgs = {}]\x1b[m\x1b[K\xe2\x80\x99\n'}
[1.820838] (my_simulator) StderrLine: {'line': b'\x1b[01m\x1b[K/home/ian/Documents/ARUS/proyect_academy/src/my_simulator/src/CommandPublisher.cpp:15:30:\x1b[m\x1b[K   required from here\n'}
[1.820864] (-) TimerEvent: {}
[1.820927] (my_simulator) StderrLine: {'line': b'\x1b[01m\x1b[K/usr/include/c++/11/functional:756:21:\x1b[m\x1b[K \x1b[01;31m\x1b[Kerror: \x1b[m\x1b[Kstatic assertion failed: Wrong number of arguments for pointer-to-member\n'}
[1.820959] (my_simulator) StderrLine: {'line': b'  755 |       static_assert(_Varargs::\x1b[01;31m\x1b[Kvalue\x1b[m\x1b[K\n'}
[1.820984] (my_simulator) StderrLine: {'line': b'      |                               \x1b[01;31m\x1b[K~~~~~\x1b[m\x1b[K\n'}
[1.821031] (my_simulator) StderrLine: {'line': b'  756 | \x1b[01;31m\x1b[K                    ? sizeof...(_BoundArgs) >= _Arity::value + 1\x1b[m\x1b[K\n'}
[1.821069] (my_simulator) StderrLine: {'line': b'      |                     \x1b[01;31m\x1b[K^~~~~~~~~~~~~~~~~~~~~~~~~~~~~~~~~~~~~~~~~~~~\x1b[m\x1b[K\n'}
[1.821107] (my_simulator) StderrLine: {'line': b'  757 | \x1b[01;31m\x1b[K                    : sizeof...(_BoundArgs) == _Arity::value + 1\x1b[m\x1b[K,\n'}
[1.823247] (my_simulator) StderrLine: {'line': b'      |                     \x1b[01;31m\x1b[K~~~~~~~~~~~~~~~~~~~~~~~~~~~~~~~~~~~~~~~~~~~~\x1b[m\x1b[K\n'}
[1.823289] (my_simulator) StderrLine: {'line': b'\x1b[01m\x1b[K/usr/include/c++/11/functional:756:21:\x1b[m\x1b[K \x1b[01;36m\x1b[Knote: \x1b[m\x1b[K\xe2\x80\x98\x1b[01m\x1b[K(false ? (0 >= (((long unsigned int)std::integral_constant<long unsigned int, 0>::value) + 1)) : (0 == (((long unsigned int)std::integral_constant<long unsigned int, 0>::value) + 1)))\x1b[m\x1b[K\xe2\x80\x99 evaluates to false\n'}
[1.823320] (my_simulator) StderrLine: {'line': b'/usr/include/c++/11/functional: In substitution of \xe2\x80\x98\x1b[01m\x1b[Ktemplate<class _Functor, class ... _Bound_args> template<class _Fn, class _CallArgs, class ... _BArgs> using _Res_type_impl = typename std::result_of<_Fn&(decltype (std::_Mu<typename std::remove_cv<_BArgs>::type, std::is_bind_expression<typename std::remove_cv<_BArgs>::type>::value, (std::is_placeholder<typename std::remove_cv<_BArgs>::type>::value > 0)>()(declval<_BArgs&>(), declval<_CallArgs&>()))&& ...)>::type [with _Fn = void (CommandPublisher::*)(); _CallArgs = _CallArgs; _BArgs = {}; _Functor = void (CommandPublisher::*)(); _Bound_args = {}]\x1b[m\x1b[K\xe2\x80\x99:\n'}
[1.823348] (my_simulator) StderrLine: {'line': b'\x1b[01m\x1b[K/usr/include/c++/11/functional:468:8:\x1b[m\x1b[K   required from \xe2\x80\x98\x1b[01m\x1b[Kclass std::_Bind<void (CommandPublisher::*())()>\x1b[m\x1b[K\xe2\x80\x99\n'}
[1.823384] (my_simulator) StderrLine: {'line': b'\x1b[01m\x1b[K/home/ian/Documents/ARUS/proyect_academy/src/my_simulator/src/CommandPublisher.cpp:15:30:\x1b[m\x1b[K   required from here\n'}
[1.823413] (my_simulator) StderrLine: {'line': b'\x1b[01m\x1b[K/usr/include/c++/11/functional:464:15:\x1b[m\x1b[K \x1b[01;31m\x1b[Kerror: \x1b[m\x1b[Kno type named \xe2\x80\x98\x1b[01m\x1b[Ktype\x1b[m\x1b[K\xe2\x80\x99 in \xe2\x80\x98\x1b[01m\x1b[Kstruct std::result_of<void (CommandPublisher::*&())()>\x1b[m\x1b[K\xe2\x80\x99\n'}
[1.823457] (my_simulator) StderrLine: {'line': b'  464 |         using \x1b[01;31m\x1b[K_Res_type_impl\x1b[m\x1b[K\n'}
[1.823488] (my_simulator) StderrLine: {'line': b'      |               \x1b[01;31m\x1b[K^~~~~~~~~~~~~~\x1b[m\x1b[K\n'}
[1.823512] (my_simulator) StderrLine: {'line': b'/usr/include/c++/11/functional: In substitution of \xe2\x80\x98\x1b[01m\x1b[Ktemplate<class _Functor, class ... _Bound_args> template<class _Fn, class _CallArgs, class ... _BArgs> using _Res_type_impl = typename std::result_of<_Fn&(decltype (std::_Mu<typename std::remove_cv<_BArgs>::type, std::is_bind_expression<typename std::remove_cv<_BArgs>::type>::value, (std::is_placeholder<typename std::remove_cv<_BArgs>::type>::value > 0)>()(declval<_BArgs&>(), declval<_CallArgs&>()))&& ...)>::type [with _Fn = void (CommandPublisher::*)(); _CallArgs = std::tuple<_Tps ...>; _BArgs = {}; _Functor = void (CommandPublisher::*)(); _Bound_args = {}]\x1b[m\x1b[K\xe2\x80\x99:\n'}
[1.823550] (my_simulator) StderrLine: {'line': b'\x1b[01m\x1b[K/usr/include/c++/11/functional:468:8:\x1b[m\x1b[K   required by substitution of \xe2\x80\x98\x1b[01m\x1b[Ktemplate<class _Functor, class ... _Bound_args> template<class _CallArgs> using _Res_type = std::_Bind<_Functor(_Bound_args ...)>::_Res_type_impl<_Functor, _CallArgs, _Bound_args ...> [with _CallArgs = std::tuple<_Tps ...>; _Functor = void (CommandPublisher::*)(); _Bound_args = {}]\x1b[m\x1b[K\xe2\x80\x99\n'}
[1.823577] (my_simulator) StderrLine: {'line': b'\x1b[01m\x1b[K/usr/include/c++/11/functional:501:2:\x1b[m\x1b[K   required from \xe2\x80\x98\x1b[01m\x1b[Kclass std::_Bind<void (CommandPublisher::*())()>\x1b[m\x1b[K\xe2\x80\x99\n'}
[1.823601] (my_simulator) StderrLine: {'line': b'\x1b[01m\x1b[K/home/ian/Documents/ARUS/proyect_academy/src/my_simulator/src/CommandPublisher.cpp:15:30:\x1b[m\x1b[K   required from here\n'}
[1.823627] (my_simulator) StderrLine: {'line': b'\x1b[01m\x1b[K/usr/include/c++/11/functional:464:15:\x1b[m\x1b[K \x1b[01;31m\x1b[Kerror: \x1b[m\x1b[Kno type named \xe2\x80\x98\x1b[01m\x1b[Ktype\x1b[m\x1b[K\xe2\x80\x99 in \xe2\x80\x98\x1b[01m\x1b[Kstruct std::result_of<void (CommandPublisher::*&())()>\x1b[m\x1b[K\xe2\x80\x99\n'}
[1.921744] (-) TimerEvent: {}
[2.022681] (-) TimerEvent: {}
[2.123197] (-) TimerEvent: {}
[2.224970] (-) TimerEvent: {}
[2.240170] (my_simulator) StderrLine: {'line': b'In file included from \x1b[01m\x1b[K/opt/ros/humble/include/rclcpp/rclcpp/callback_group.hpp:30\x1b[m\x1b[K,\n'}
[2.240494] (my_simulator) StderrLine: {'line': b'                 from \x1b[01m\x1b[K/opt/ros/humble/include/rclcpp/rclcpp/any_executable.hpp:20\x1b[m\x1b[K,\n'}
[2.240537] (my_simulator) StderrLine: {'line': b'                 from \x1b[01m\x1b[K/opt/ros/humble/include/rclcpp/rclcpp/memory_strategy.hpp:25\x1b[m\x1b[K,\n'}
[2.240567] (my_simulator) StderrLine: {'line': b'                 from \x1b[01m\x1b[K/opt/ros/humble/include/rclcpp/rclcpp/memory_strategies.hpp:18\x1b[m\x1b[K,\n'}
[2.240597] (my_simulator) StderrLine: {'line': b'                 from \x1b[01m\x1b[K/opt/ros/humble/include/rclcpp/rclcpp/executor_options.hpp:20\x1b[m\x1b[K,\n'}
[2.240627] (my_simulator) StderrLine: {'line': b'                 from \x1b[01m\x1b[K/opt/ros/humble/include/rclcpp/rclcpp/executor.hpp:37\x1b[m\x1b[K,\n'}
[2.240656] (my_simulator) StderrLine: {'line': b'                 from \x1b[01m\x1b[K/opt/ros/humble/include/rclcpp/rclcpp/executors/multi_threaded_executor.hpp:25\x1b[m\x1b[K,\n'}
[2.240682] (my_simulator) StderrLine: {'line': b'                 from \x1b[01m\x1b[K/opt/ros/humble/include/rclcpp/rclcpp/executors.hpp:21\x1b[m\x1b[K,\n'}
[2.240707] (my_simulator) StderrLine: {'line': b'                 from \x1b[01m\x1b[K/opt/ros/humble/include/rclcpp/rclcpp/rclcpp.hpp:155\x1b[m\x1b[K,\n'}
[2.240731] (my_simulator) StderrLine: {'line': b'                 from \x1b[01m\x1b[K/home/ian/Documents/ARUS/proyect_academy/src/my_simulator/src/CommandPublisher.cpp:1\x1b[m\x1b[K:\n'}
[2.240755] (my_simulator) StderrLine: {'line': b'/opt/ros/humble/include/rclcpp/rclcpp/timer.hpp: In instantiation of \xe2\x80\x98\x1b[01m\x1b[Kvoid rclcpp::GenericTimer<FunctorT, <anonymous> >::execute_callback_delegate() [with CallbackT = std::_Bind<void (CommandPublisher::*())()>; typename std::enable_if<rclcpp::function_traits::same_arguments<CallbackT, std::function<void()> >::value>::type* <anonymous> = 0; FunctorT = std::_Bind<void (CommandPublisher::*())()>; typename std::enable_if<(rclcpp::function_traits::same_arguments<FunctorT, std::function<void()> >::value || rclcpp::function_traits::same_arguments<FunctorT, std::function<void(rclcpp::TimerBase&)> >::value)>::type* <anonymous> = 0]\x1b[m\x1b[K\xe2\x80\x99:\n'}
[2.240784] (my_simulator) StderrLine: {'line': b'\x1b[01m\x1b[K/opt/ros/humble/include/rclcpp/rclcpp/timer.hpp:230:32:\x1b[m\x1b[K   required from \xe2\x80\x98\x1b[01m\x1b[Kvoid rclcpp::GenericTimer<FunctorT, <anonymous> >::execute_callback() [with FunctorT = std::_Bind<void (CommandPublisher::*())()>; typename std::enable_if<(rclcpp::function_traits::same_arguments<FunctorT, std::function<void()> >::value || rclcpp::function_traits::same_arguments<FunctorT, std::function<void(rclcpp::TimerBase&)> >::value)>::type* <anonymous> = 0]\x1b[m\x1b[K\xe2\x80\x99\n'}
[2.240822] (my_simulator) StderrLine: {'line': b'\x1b[01m\x1b[K/opt/ros/humble/include/rclcpp/rclcpp/timer.hpp:227:3:\x1b[m\x1b[K   required from here\n'}
[2.240846] (my_simulator) StderrLine: {'line': b'\x1b[01m\x1b[K/opt/ros/humble/include/rclcpp/rclcpp/timer.hpp:244:14:\x1b[m\x1b[K \x1b[01;31m\x1b[Kerror: \x1b[m\x1b[Kno match for call to \xe2\x80\x98\x1b[01m\x1b[K(std::_Bind<void (CommandPublisher::*())()>) ()\x1b[m\x1b[K\xe2\x80\x99\n'}
[2.240872] (my_simulator) StderrLine: {'line': b'  244 |     \x1b[01;31m\x1b[Kcallback_()\x1b[m\x1b[K;\n'}
[2.240895] (my_simulator) StderrLine: {'line': b'      |     \x1b[01;31m\x1b[K~~~~~~~~~^~\x1b[m\x1b[K\n'}
[2.240919] (my_simulator) StderrLine: {'line': b'In file included from \x1b[01m\x1b[K/usr/include/c++/11/pstl/glue_algorithm_defs.h:13\x1b[m\x1b[K,\n'}
[2.240948] (my_simulator) StderrLine: {'line': b'                 from \x1b[01m\x1b[K/usr/include/c++/11/algorithm:74\x1b[m\x1b[K,\n'}
[2.240975] (my_simulator) StderrLine: {'line': b'                 from \x1b[01m\x1b[K/opt/ros/humble/include/rclcpp/rclcpp/executor.hpp:18\x1b[m\x1b[K,\n'}
[2.241001] (my_simulator) StderrLine: {'line': b'                 from \x1b[01m\x1b[K/opt/ros/humble/include/rclcpp/rclcpp/executors/multi_threaded_executor.hpp:25\x1b[m\x1b[K,\n'}
[2.241024] (my_simulator) StderrLine: {'line': b'                 from \x1b[01m\x1b[K/opt/ros/humble/include/rclcpp/rclcpp/executors.hpp:21\x1b[m\x1b[K,\n'}
[2.241048] (my_simulator) StderrLine: {'line': b'                 from \x1b[01m\x1b[K/opt/ros/humble/include/rclcpp/rclcpp/rclcpp.hpp:155\x1b[m\x1b[K,\n'}
[2.241072] (my_simulator) StderrLine: {'line': b'                 from \x1b[01m\x1b[K/home/ian/Documents/ARUS/proyect_academy/src/my_simulator/src/CommandPublisher.cpp:1\x1b[m\x1b[K:\n'}
[2.241096] (my_simulator) StderrLine: {'line': b'\x1b[01m\x1b[K/usr/include/c++/11/functional:501:9:\x1b[m\x1b[K \x1b[01;36m\x1b[Knote: \x1b[m\x1b[Kcandidate: \xe2\x80\x98\x1b[01m\x1b[Ktemplate<class ... _Args, class _Result> _Result std::_Bind<_Functor(_Bound_args ...)>::operator()(_Args&& ...) [with _Args = {_Args ...}; _Result = _Result; _Functor = void (CommandPublisher::*)(); _Bound_args = {}]\x1b[m\x1b[K\xe2\x80\x99\n'}
[2.241167] (my_simulator) StderrLine: {'line': b'  501 |         \x1b[01;36m\x1b[Koperator\x1b[m\x1b[K()(_Args&&... __args)\n'}
[2.241203] (my_simulator) StderrLine: {'line': b'      |         \x1b[01;36m\x1b[K^~~~~~~~\x1b[m\x1b[K\n'}
[2.241227] (my_simulator) StderrLine: {'line': b'\x1b[01m\x1b[K/usr/include/c++/11/functional:501:9:\x1b[m\x1b[K \x1b[01;36m\x1b[Knote: \x1b[m\x1b[K  template argument deduction/substitution failed:\n'}
[2.241250] (my_simulator) StderrLine: {'line': b'\x1b[01m\x1b[K/usr/include/c++/11/functional:513:9:\x1b[m\x1b[K \x1b[01;36m\x1b[Knote: \x1b[m\x1b[Kcandidate: \xe2\x80\x98\x1b[01m\x1b[Ktemplate<class ... _Args, class _Result> _Result std::_Bind<_Functor(_Bound_args ...)>::operator()(_Args&& ...) const [with _Args = {_Args ...}; _Result = _Result; _Functor = void (CommandPublisher::*)(); _Bound_args = {}]\x1b[m\x1b[K\xe2\x80\x99\n'}
[2.241276] (my_simulator) StderrLine: {'line': b'  513 |         \x1b[01;36m\x1b[Koperator\x1b[m\x1b[K()(_Args&&... __args) const\n'}
[2.241299] (my_simulator) StderrLine: {'line': b'      |         \x1b[01;36m\x1b[K^~~~~~~~\x1b[m\x1b[K\n'}
[2.241322] (my_simulator) StderrLine: {'line': b'\x1b[01m\x1b[K/usr/include/c++/11/functional:513:9:\x1b[m\x1b[K \x1b[01;36m\x1b[Knote: \x1b[m\x1b[K  template argument deduction/substitution failed:\n'}
[2.241346] (my_simulator) StderrLine: {'line': b'/usr/include/c++/11/functional: In substitution of \xe2\x80\x98\x1b[01m\x1b[Ktemplate<class _Functor, class ... _Bound_args> template<class _Fn, class _CallArgs, class ... _BArgs> using _Res_type_impl = typename std::result_of<_Fn&(decltype (std::_Mu<typename std::remove_cv<_BArgs>::type, std::is_bind_expression<typename std::remove_cv<_BArgs>::type>::value, (std::is_placeholder<typename std::remove_cv<_BArgs>::type>::value > 0)>()(declval<_BArgs&>(), declval<_CallArgs&>()))&& ...)>::type [with _Fn = void (CommandPublisher::* const)(); _CallArgs = std::tuple<>; _BArgs = {}; _Functor = void (CommandPublisher::*)(); _Bound_args = {}]\x1b[m\x1b[K\xe2\x80\x99:\n'}
[2.241371] (my_simulator) StderrLine: {'line': b'\x1b[01m\x1b[K/usr/include/c++/11/functional:475:8:\x1b[m\x1b[K   required by substitution of \xe2\x80\x98\x1b[01m\x1b[Ktemplate<class _Functor, class ... _Bound_args> template<class _CallArgs, template<class _CallArgs, template<class> class __cv_quals> template<class _Functor, class ... _Bound_args> template<class> class __cv_quals> using _Res_type_cv = std::_Bind<_Functor(_Bound_args ...)>::_Res_type_impl<typename __cv_quals<typename std::enable_if<(bool)((std::tuple_size<_Tuple>::value + 1)), _Functor>::type>::type, _CallArgs, typename __cv_quals<_Bound_args>::type ...> [with _CallArgs = std::tuple<>; __cv_quals = std::add_const; _Functor = void (CommandPublisher::*)(); _Bound_args = {}]\x1b[m\x1b[K\xe2\x80\x99\n'}
[2.241402] (my_simulator) StderrLine: {'line': b'\x1b[01m\x1b[K/usr/include/c++/11/functional:510:9:\x1b[m\x1b[K   required from \xe2\x80\x98\x1b[01m\x1b[Kvoid rclcpp::GenericTimer<FunctorT, <anonymous> >::execute_callback_delegate() [with CallbackT = std::_Bind<void (CommandPublisher::*())()>; typename std::enable_if<rclcpp::function_traits::same_arguments<CallbackT, std::function<void()> >::value>::type* <anonymous> = 0; FunctorT = std::_Bind<void (CommandPublisher::*())()>; typename std::enable_if<(rclcpp::function_traits::same_arguments<FunctorT, std::function<void()> >::value || rclcpp::function_traits::same_arguments<FunctorT, std::function<void(rclcpp::TimerBase&)> >::value)>::type* <anonymous> = 0]\x1b[m\x1b[K\xe2\x80\x99\n'}
[2.241429] (my_simulator) StderrLine: {'line': b'\x1b[01m\x1b[K/opt/ros/humble/include/rclcpp/rclcpp/timer.hpp:230:32:\x1b[m\x1b[K   required from \xe2\x80\x98\x1b[01m\x1b[Kvoid rclcpp::GenericTimer<FunctorT, <anonymous> >::execute_callback() [with FunctorT = std::_Bind<void (CommandPublisher::*())()>; typename std::enable_if<(rclcpp::function_traits::same_arguments<FunctorT, std::function<void()> >::value || rclcpp::function_traits::same_arguments<FunctorT, std::function<void(rclcpp::TimerBase&)> >::value)>::type* <anonymous> = 0]\x1b[m\x1b[K\xe2\x80\x99\n'}
[2.241453] (my_simulator) StderrLine: {'line': b'\x1b[01m\x1b[K/opt/ros/humble/include/rclcpp/rclcpp/timer.hpp:227:3:\x1b[m\x1b[K   required from here\n'}
[2.241476] (my_simulator) StderrLine: {'line': b'\x1b[01m\x1b[K/usr/include/c++/11/functional:464:15:\x1b[m\x1b[K \x1b[01;31m\x1b[Kerror: \x1b[m\x1b[Kno type named \xe2\x80\x98\x1b[01m\x1b[Ktype\x1b[m\x1b[K\xe2\x80\x99 in \xe2\x80\x98\x1b[01m\x1b[Kstruct std::result_of<void (CommandPublisher::* const&())()>\x1b[m\x1b[K\xe2\x80\x99\n'}
[2.241500] (my_simulator) StderrLine: {'line': b'  464 |         using \x1b[01;31m\x1b[K_Res_type_impl\x1b[m\x1b[K\n'}
[2.241524] (my_simulator) StderrLine: {'line': b'      |               \x1b[01;31m\x1b[K^~~~~~~~~~~~~~\x1b[m\x1b[K\n'}
[2.241548] (my_simulator) StderrLine: {'line': b'/opt/ros/humble/include/rclcpp/rclcpp/timer.hpp: In instantiation of \xe2\x80\x98\x1b[01m\x1b[Kvoid rclcpp::GenericTimer<FunctorT, <anonymous> >::execute_callback_delegate() [with CallbackT = std::_Bind<void (CommandPublisher::*())()>; typename std::enable_if<rclcpp::function_traits::same_arguments<CallbackT, std::function<void()> >::value>::type* <anonymous> = 0; FunctorT = std::_Bind<void (CommandPublisher::*())()>; typename std::enable_if<(rclcpp::function_traits::same_arguments<FunctorT, std::function<void()> >::value || rclcpp::function_traits::same_arguments<FunctorT, std::function<void(rclcpp::TimerBase&)> >::value)>::type* <anonymous> = 0]\x1b[m\x1b[K\xe2\x80\x99:\n'}
[2.241576] (my_simulator) StderrLine: {'line': b'\x1b[01m\x1b[K/opt/ros/humble/include/rclcpp/rclcpp/timer.hpp:230:32:\x1b[m\x1b[K   required from \xe2\x80\x98\x1b[01m\x1b[Kvoid rclcpp::GenericTimer<FunctorT, <anonymous> >::execute_callback() [with FunctorT = std::_Bind<void (CommandPublisher::*())()>; typename std::enable_if<(rclcpp::function_traits::same_arguments<FunctorT, std::function<void()> >::value || rclcpp::function_traits::same_arguments<FunctorT, std::function<void(rclcpp::TimerBase&)> >::value)>::type* <anonymous> = 0]\x1b[m\x1b[K\xe2\x80\x99\n'}
[2.241599] (my_simulator) StderrLine: {'line': b'\x1b[01m\x1b[K/opt/ros/humble/include/rclcpp/rclcpp/timer.hpp:227:3:\x1b[m\x1b[K   required from here\n'}
[2.241621] (my_simulator) StderrLine: {'line': b'\x1b[01m\x1b[K/usr/include/c++/11/functional:531:9:\x1b[m\x1b[K \x1b[01;36m\x1b[Knote: \x1b[m\x1b[Kcandidate: \xe2\x80\x98\x1b[01m\x1b[Ktemplate<class ... _Args, class _Result> _Result std::_Bind<_Functor(_Bound_args ...)>::operator()(_Args&& ...) volatile [with _Args = {_Args ...}; _Result = _Result; _Functor = void (CommandPublisher::*)(); _Bound_args = {}]\x1b[m\x1b[K\xe2\x80\x99\n'}
[2.241647] (my_simulator) StderrLine: {'line': b'  531 |         \x1b[01;36m\x1b[Koperator\x1b[m\x1b[K()(_Args&&... __args) volatile\n'}
[2.241669] (my_simulator) StderrLine: {'line': b'      |         \x1b[01;36m\x1b[K^~~~~~~~\x1b[m\x1b[K\n'}
[2.241691] (my_simulator) StderrLine: {'line': b'\x1b[01m\x1b[K/usr/include/c++/11/functional:531:9:\x1b[m\x1b[K \x1b[01;36m\x1b[Knote: \x1b[m\x1b[K  template argument deduction/substitution failed:\n'}
[2.241713] (my_simulator) StderrLine: {'line': b'/usr/include/c++/11/functional: In substitution of \xe2\x80\x98\x1b[01m\x1b[Ktemplate<class _Functor, class ... _Bound_args> template<class _Fn, class _CallArgs, class ... _BArgs> using _Res_type_impl = typename std::result_of<_Fn&(decltype (std::_Mu<typename std::remove_cv<_BArgs>::type, std::is_bind_expression<typename std::remove_cv<_BArgs>::type>::value, (std::is_placeholder<typename std::remove_cv<_BArgs>::type>::value > 0)>()(declval<_BArgs&>(), declval<_CallArgs&>()))&& ...)>::type [with _Fn = void (CommandPublisher::* volatile)(); _CallArgs = std::tuple<>; _BArgs = {}; _Functor = void (CommandPublisher::*)(); _Bound_args = {}]\x1b[m\x1b[K\xe2\x80\x99:\n'}
[2.241743] (my_simulator) StderrLine: {'line': b'\x1b[01m\x1b[K/usr/include/c++/11/functional:475:8:\x1b[m\x1b[K   required by substitution of \xe2\x80\x98\x1b[01m\x1b[Ktemplate<class _Functor, class ... _Bound_args> template<class _CallArgs, template<class _CallArgs, template<class> class __cv_quals> template<class _Functor, class ... _Bound_args> template<class> class __cv_quals> using _Res_type_cv = std::_Bind<_Functor(_Bound_args ...)>::_Res_type_impl<typename __cv_quals<typename std::enable_if<(bool)((std::tuple_size<_Tuple>::value + 1)), _Functor>::type>::type, _CallArgs, typename __cv_quals<_Bound_args>::type ...> [with _CallArgs = std::tuple<>; __cv_quals = std::add_volatile; _Functor = void (CommandPublisher::*)(); _Bound_args = {}]\x1b[m\x1b[K\xe2\x80\x99\n'}
[2.241769] (my_simulator) StderrLine: {'line': b'\x1b[01m\x1b[K/usr/include/c++/11/functional:528:9:\x1b[m\x1b[K   required from \xe2\x80\x98\x1b[01m\x1b[Kvoid rclcpp::GenericTimer<FunctorT, <anonymous> >::execute_callback_delegate() [with CallbackT = std::_Bind<void (CommandPublisher::*())()>; typename std::enable_if<rclcpp::function_traits::same_arguments<CallbackT, std::function<void()> >::value>::type* <anonymous> = 0; FunctorT = std::_Bind<void (CommandPublisher::*())()>; typename std::enable_if<(rclcpp::function_traits::same_arguments<FunctorT, std::function<void()> >::value || rclcpp::function_traits::same_arguments<FunctorT, std::function<void(rclcpp::TimerBase&)> >::value)>::type* <anonymous> = 0]\x1b[m\x1b[K\xe2\x80\x99\n'}
[2.241792] (my_simulator) StderrLine: {'line': b'\x1b[01m\x1b[K/opt/ros/humble/include/rclcpp/rclcpp/timer.hpp:230:32:\x1b[m\x1b[K   required from \xe2\x80\x98\x1b[01m\x1b[Kvoid rclcpp::GenericTimer<FunctorT, <anonymous> >::execute_callback() [with FunctorT = std::_Bind<void (CommandPublisher::*())()>; typename std::enable_if<(rclcpp::function_traits::same_arguments<FunctorT, std::function<void()> >::value || rclcpp::function_traits::same_arguments<FunctorT, std::function<void(rclcpp::TimerBase&)> >::value)>::type* <anonymous> = 0]\x1b[m\x1b[K\xe2\x80\x99\n'}
[2.241825] (my_simulator) StderrLine: {'line': b'\x1b[01m\x1b[K/opt/ros/humble/include/rclcpp/rclcpp/timer.hpp:227:3:\x1b[m\x1b[K   required from here\n'}
[2.241859] (my_simulator) StderrLine: {'line': b'\x1b[01m\x1b[K/usr/include/c++/11/functional:464:15:\x1b[m\x1b[K \x1b[01;31m\x1b[Kerror: \x1b[m\x1b[Kno type named \xe2\x80\x98\x1b[01m\x1b[Ktype\x1b[m\x1b[K\xe2\x80\x99 in \xe2\x80\x98\x1b[01m\x1b[Kstruct std::result_of<void (CommandPublisher::* volatile&())()>\x1b[m\x1b[K\xe2\x80\x99\n'}
[2.241886] (my_simulator) StderrLine: {'line': b'  464 |         using \x1b[01;31m\x1b[K_Res_type_impl\x1b[m\x1b[K\n'}
[2.244920] (my_simulator) StderrLine: {'line': b'      |               \x1b[01;31m\x1b[K^~~~~~~~~~~~~~\x1b[m\x1b[K\n'}
[2.244965] (my_simulator) StderrLine: {'line': b'/opt/ros/humble/include/rclcpp/rclcpp/timer.hpp: In instantiation of \xe2\x80\x98\x1b[01m\x1b[Kvoid rclcpp::GenericTimer<FunctorT, <anonymous> >::execute_callback_delegate() [with CallbackT = std::_Bind<void (CommandPublisher::*())()>; typename std::enable_if<rclcpp::function_traits::same_arguments<CallbackT, std::function<void()> >::value>::type* <anonymous> = 0; FunctorT = std::_Bind<void (CommandPublisher::*())()>; typename std::enable_if<(rclcpp::function_traits::same_arguments<FunctorT, std::function<void()> >::value || rclcpp::function_traits::same_arguments<FunctorT, std::function<void(rclcpp::TimerBase&)> >::value)>::type* <anonymous> = 0]\x1b[m\x1b[K\xe2\x80\x99:\n'}
[2.245001] (my_simulator) StderrLine: {'line': b'\x1b[01m\x1b[K/opt/ros/humble/include/rclcpp/rclcpp/timer.hpp:230:32:\x1b[m\x1b[K   required from \xe2\x80\x98\x1b[01m\x1b[Kvoid rclcpp::GenericTimer<FunctorT, <anonymous> >::execute_callback() [with FunctorT = std::_Bind<void (CommandPublisher::*())()>; typename std::enable_if<(rclcpp::function_traits::same_arguments<FunctorT, std::function<void()> >::value || rclcpp::function_traits::same_arguments<FunctorT, std::function<void(rclcpp::TimerBase&)> >::value)>::type* <anonymous> = 0]\x1b[m\x1b[K\xe2\x80\x99\n'}
[2.245026] (my_simulator) StderrLine: {'line': b'\x1b[01m\x1b[K/opt/ros/humble/include/rclcpp/rclcpp/timer.hpp:227:3:\x1b[m\x1b[K   required from here\n'}
[2.245049] (my_simulator) StderrLine: {'line': b'\x1b[01m\x1b[K/usr/include/c++/11/functional:543:9:\x1b[m\x1b[K \x1b[01;36m\x1b[Knote: \x1b[m\x1b[Kcandidate: \xe2\x80\x98\x1b[01m\x1b[Ktemplate<class ... _Args, class _Result> _Result std::_Bind<_Functor(_Bound_args ...)>::operator()(_Args&& ...) const volatile [with _Args = {_Args ...}; _Result = _Result; _Functor = void (CommandPublisher::*)(); _Bound_args = {}]\x1b[m\x1b[K\xe2\x80\x99\n'}
[2.245078] (my_simulator) StderrLine: {'line': b'  543 |         \x1b[01;36m\x1b[Koperator\x1b[m\x1b[K()(_Args&&... __args) const volatile\n'}
[2.245103] (my_simulator) StderrLine: {'line': b'      |         \x1b[01;36m\x1b[K^~~~~~~~\x1b[m\x1b[K\n'}
[2.245126] (my_simulator) StderrLine: {'line': b'\x1b[01m\x1b[K/usr/include/c++/11/functional:543:9:\x1b[m\x1b[K \x1b[01;36m\x1b[Knote: \x1b[m\x1b[K  template argument deduction/substitution failed:\n'}
[2.245150] (my_simulator) StderrLine: {'line': b'/usr/include/c++/11/functional: In substitution of \xe2\x80\x98\x1b[01m\x1b[Ktemplate<class _Functor, class ... _Bound_args> template<class _Fn, class _CallArgs, class ... _BArgs> using _Res_type_impl = typename std::result_of<_Fn&(decltype (std::_Mu<typename std::remove_cv<_BArgs>::type, std::is_bind_expression<typename std::remove_cv<_BArgs>::type>::value, (std::is_placeholder<typename std::remove_cv<_BArgs>::type>::value > 0)>()(declval<_BArgs&>(), declval<_CallArgs&>()))&& ...)>::type [with _Fn = void (CommandPublisher::* const volatile)(); _CallArgs = std::tuple<>; _BArgs = {}; _Functor = void (CommandPublisher::*)(); _Bound_args = {}]\x1b[m\x1b[K\xe2\x80\x99:\n'}
[2.245180] (my_simulator) StderrLine: {'line': b'\x1b[01m\x1b[K/usr/include/c++/11/functional:475:8:\x1b[m\x1b[K   required by substitution of \xe2\x80\x98\x1b[01m\x1b[Ktemplate<class _Functor, class ... _Bound_args> template<class _CallArgs, template<class _CallArgs, template<class> class __cv_quals> template<class _Functor, class ... _Bound_args> template<class> class __cv_quals> using _Res_type_cv = std::_Bind<_Functor(_Bound_args ...)>::_Res_type_impl<typename __cv_quals<typename std::enable_if<(bool)((std::tuple_size<_Tuple>::value + 1)), _Functor>::type>::type, _CallArgs, typename __cv_quals<_Bound_args>::type ...> [with _CallArgs = std::tuple<>; __cv_quals = std::add_cv; _Functor = void (CommandPublisher::*)(); _Bound_args = {}]\x1b[m\x1b[K\xe2\x80\x99\n'}
[2.245206] (my_simulator) StderrLine: {'line': b'\x1b[01m\x1b[K/usr/include/c++/11/functional:540:9:\x1b[m\x1b[K   required from \xe2\x80\x98\x1b[01m\x1b[Kvoid rclcpp::GenericTimer<FunctorT, <anonymous> >::execute_callback_delegate() [with CallbackT = std::_Bind<void (CommandPublisher::*())()>; typename std::enable_if<rclcpp::function_traits::same_arguments<CallbackT, std::function<void()> >::value>::type* <anonymous> = 0; FunctorT = std::_Bind<void (CommandPublisher::*())()>; typename std::enable_if<(rclcpp::function_traits::same_arguments<FunctorT, std::function<void()> >::value || rclcpp::function_traits::same_arguments<FunctorT, std::function<void(rclcpp::TimerBase&)> >::value)>::type* <anonymous> = 0]\x1b[m\x1b[K\xe2\x80\x99\n'}
[2.245238] (my_simulator) StderrLine: {'line': b'\x1b[01m\x1b[K/opt/ros/humble/include/rclcpp/rclcpp/timer.hpp:230:32:\x1b[m\x1b[K   required from \xe2\x80\x98\x1b[01m\x1b[Kvoid rclcpp::GenericTimer<FunctorT, <anonymous> >::execute_callback() [with FunctorT = std::_Bind<void (CommandPublisher::*())()>; typename std::enable_if<(rclcpp::function_traits::same_arguments<FunctorT, std::function<void()> >::value || rclcpp::function_traits::same_arguments<FunctorT, std::function<void(rclcpp::TimerBase&)> >::value)>::type* <anonymous> = 0]\x1b[m\x1b[K\xe2\x80\x99\n'}
[2.245262] (my_simulator) StderrLine: {'line': b'\x1b[01m\x1b[K/opt/ros/humble/include/rclcpp/rclcpp/timer.hpp:227:3:\x1b[m\x1b[K   required from here\n'}
[2.245285] (my_simulator) StderrLine: {'line': b'\x1b[01m\x1b[K/usr/include/c++/11/functional:464:15:\x1b[m\x1b[K \x1b[01;31m\x1b[Kerror: \x1b[m\x1b[Kno type named \xe2\x80\x98\x1b[01m\x1b[Ktype\x1b[m\x1b[K\xe2\x80\x99 in \xe2\x80\x98\x1b[01m\x1b[Kstruct std::result_of<void (CommandPublisher::* const volatile&())()>\x1b[m\x1b[K\xe2\x80\x99\n'}
[2.245309] (my_simulator) StderrLine: {'line': b'  464 |         using \x1b[01;31m\x1b[K_Res_type_impl\x1b[m\x1b[K\n'}
[2.245331] (my_simulator) StderrLine: {'line': b'      |               \x1b[01;31m\x1b[K^~~~~~~~~~~~~~\x1b[m\x1b[K\n'}
[2.303607] (my_simulator) StderrLine: {'line': b'gmake[2]: *** [CMakeFiles/CommandPublisher.dir/build.make:76: CMakeFiles/CommandPublisher.dir/src/CommandPublisher.cpp.o] Error 1\n'}
[2.304055] (my_simulator) StderrLine: {'line': b'gmake[1]: *** [CMakeFiles/Makefile2:165: CMakeFiles/CommandPublisher.dir/all] Error 2\n'}
[2.304278] (my_simulator) StderrLine: {'line': b'gmake: *** [Makefile:146: all] Error 2\n'}
[2.305502] (my_simulator) CommandEnded: {'returncode': 2}
[2.310293] (my_simulator) JobEnded: {'identifier': 'my_simulator', 'rc': 2}
[2.321543] (-) EventReactorShutdown: {}
