[35m[1mConsolidate compiler generated dependencies of target my_simulator[0m
[ 66%] [32mBuilding CXX object CMakeFiles/my_simulator.dir/src/main.cpp.o[0m
[ 66%] [32mBuilding CXX object CMakeFiles/my_simulator.dir/src/my_simulator.cpp.o[0m
[01m[K/home/ian/Documents/ARUS/proyect_academy/src/my_simulator/src/main.cpp:[m[K In function â€˜[01m[Kint main(int, char**)[m[Kâ€™:
[01m[K/home/ian/Documents/ARUS/proyect_academy/src/my_simulator/src/main.cpp:5:35:[m[K [01;31m[Kerror: [m[Kâ€˜[01m[KMySimulator[m[Kâ€™ was not declared in this scope
    5 |     rclcpp::spin(std::make_shared<[01;31m[KMySimulator[m[K>());
      |                                   [01;31m[K^~~~~~~~~~~[m[K
[01m[K/home/ian/Documents/ARUS/proyect_academy/src/my_simulator/src/main.cpp:5:47:[m[K [01;31m[Kerror: [m[Kno matching function for call to â€˜[01m[Kmake_shared<<expression error> >()[m[Kâ€™
    5 |     rclcpp::spin([01;31m[Kstd::make_shared<MySimulator>()[m[K);
      |                  [01;31m[K~~~~~~~~~~~~~~~~~~~~~~~~~~~~~^~[m[K
In file included from [01m[K/usr/include/c++/11/memory:77[m[K,
                 from [01m[K/opt/ros/humble/include/rclcpp/rclcpp/rclcpp.hpp:153[m[K,
                 from [01m[K/home/ian/Documents/ARUS/proyect_academy/src/my_simulator/src/main.cpp:1[m[K:
[01m[K/usr/include/c++/11/bits/shared_ptr.h:875:5:[m[K [01;36m[Knote: [m[Kcandidate: â€˜[01m[Ktemplate<class _Tp, class ... _Args> std::shared_ptr<_Tp> std::make_shared(_Args&& ...)[m[Kâ€™
  875 |     [01;36m[Kmake_shared[m[K(_Args&&... __args)
      |     [01;36m[K^~~~~~~~~~~[m[K
[01m[K/usr/include/c++/11/bits/shared_ptr.h:875:5:[m[K [01;36m[Knote: [m[K  template argument deduction/substitution failed:
[01m[K/home/ian/Documents/ARUS/proyect_academy/src/my_simulator/src/main.cpp:5:47:[m[K [01;31m[Kerror: [m[Ktemplate argument 1 is invalid
    5 |     rclcpp::spin([01;31m[Kstd::make_shared<MySimulator>()[m[K);
      |                  [01;31m[K~~~~~~~~~~~~~~~~~~~~~~~~~~~~~^~[m[K
gmake[2]: *** [CMakeFiles/my_simulator.dir/build.make:76: CMakeFiles/my_simulator.dir/src/main.cpp.o] Error 1
gmake[2]: *** Waiting for unfinished jobs....
gmake[1]: *** [CMakeFiles/Makefile2:137: CMakeFiles/my_simulator.dir/all] Error 2
gmake: *** [Makefile:146: all] Error 2
